# JRE version: Java(TM) SE Runtime Environment (8.0_131-b11) (build 1.8.0_131-b11)
# Java VM: Java HotSpot(TM) 64-Bit Server VM (25.131-b11 mixed mode linux-amd64 compressed oops)
Heap:
 PSYoungGen      total 675328K, used 132505K [0x00000000d5f00000, 0x0000000100000000, 0x0000000100000000)
  eden space 661504K, 19% used [0x00000000d5f00000,0x00000000ddf9e7e8,0x00000000fe500000)
  from space 13824K, 5% used [0x00000000ff280000,0x00000000ff348000,0x0000000100000000)
  to   space 13824K, 0% used [0x00000000fe500000,0x00000000fe500000,0x00000000ff280000)
 ParOldGen       total 64512K, used 19669K [0x0000000081c00000, 0x0000000085b00000, 0x00000000d5f00000)
  object space 64512K, 30% used [0x0000000081c00000,0x0000000082f35688,0x0000000085b00000)
 Metaspace       used 20948K, capacity 21448K, committed 21632K, reserved 1069056K
  class space    used 2439K, capacity 2561K, committed 2688K, reserved 1048576K
GC Heap History (10 events):
Event: 39.058 GC heap before
{Heap before GC invocations=7 (full 0):
 PSYoungGen      total 280576K, used 271384K [0x00000000d5f00000, 0x00000000e7f00000, 0x0000000100000000)
  eden space 266240K, 100% used [0x00000000d5f00000,0x00000000e6300000,0x00000000e6300000)
  from space 14336K, 35% used [0x00000000e7100000,0x00000000e76062e8,0x00000000e7f00000)
  to   space 14336K, 0% used [0x00000000e6300000,0x00000000e6300000,0x00000000e7100000)
 ParOldGen       total 87552K, used 13656K [0x0000000081c00000, 0x0000000087180000, 0x00000000d5f00000)
  object space 87552K, 15% used [0x0000000081c00000,0x00000000829562b8,0x0000000087180000)
 Metaspace       used 20689K, capacity 21162K, committed 21248K, reserved 1069056K
  class space    used 2429K, capacity 2556K, committed 2560K, reserved 1048576K
Event: 39.301 GC heap after
Heap after GC invocations=7 (full 0):
 PSYoungGen      total 280576K, used 7129K [0x00000000d5f00000, 0x00000000f8100000, 0x0000000100000000)
  eden space 266240K, 0% used [0x00000000d5f00000,0x00000000d5f00000,0x00000000e6300000)
  from space 14336K, 49% used [0x00000000e6300000,0x00000000e69f67b8,0x00000000e7100000)
  to   space 13312K, 0% used [0x00000000f7400000,0x00000000f7400000,0x00000000f8100000)
 ParOldGen       total 87552K, used 14751K [0x0000000081c00000, 0x0000000087180000, 0x00000000d5f00000)
  object space 87552K, 16% used [0x0000000081c00000,0x0000000082a67ef8,0x0000000087180000)
 Metaspace       used 20689K, capacity 21162K, committed 21248K, reserved 1069056K
  class space    used 2429K, capacity 2556K, committed 2560K, reserved 1048576K
}
Event: 41.743 GC heap before
{Heap before GC invocations=8 (full 0):
 PSYoungGen      total 280576K, used 92432K [0x00000000d5f00000, 0x00000000f8100000, 0x0000000100000000)
  eden space 266240K, 32% used [0x00000000d5f00000,0x00000000db24d8f8,0x00000000e6300000)
  from space 14336K, 49% used [0x00000000e6300000,0x00000000e69f67b8,0x00000000e7100000)
  to   space 13312K, 0% used [0x00000000f7400000,0x00000000f7400000,0x00000000f8100000)
 ParOldGen       total 87552K, used 14751K [0x0000000081c00000, 0x0000000087180000, 0x00000000d5f00000)
  object space 87552K, 16% used [0x0000000081c00000,0x0000000082a67ef8,0x0000000087180000)
 Metaspace       used 20759K, capacity 21162K, committed 21248K, reserved 1069056K
  class space    used 2429K, capacity 2556K, committed 2560K, reserved 1048576K
Event: 41.960 GC heap after
Heap after GC invocations=8 (full 0):
 PSYoungGen      total 545792K, used 2808K [0x00000000d5f00000, 0x00000000f8100000, 0x0000000100000000)
  eden space 532480K, 0% used [0x00000000d5f00000,0x00000000d5f00000,0x00000000f6700000)
  from space 13312K, 21% used [0x00000000f7400000,0x00000000f76be358,0x00000000f8100000)
  to   space 13312K, 0% used [0x00000000f6700000,0x00000000f6700000,0x00000000f7400000)
 ParOldGen       total 87552K, used 18793K [0x0000000081c00000, 0x0000000087180000, 0x00000000d5f00000)
  object space 87552K, 21% used [0x0000000081c00000,0x0000000082e5a440,0x0000000087180000)
 Metaspace       used 20759K, capacity 21162K, committed 21248K, reserved 1069056K
  class space    used 2429K, capacity 2556K, committed 2560K, reserved 1048576K
}
Event: 41.960 GC heap before
{Heap before GC invocations=9 (full 1):
 PSYoungGen      total 545792K, used 2808K [0x00000000d5f00000, 0x00000000f8100000, 0x0000000100000000)
  eden space 532480K, 0% used [0x00000000d5f00000,0x00000000d5f00000,0x00000000f6700000)
  from space 13312K, 21% used [0x00000000f7400000,0x00000000f76be358,0x00000000f8100000)
  to   space 13312K, 0% used [0x00000000f6700000,0x00000000f6700000,0x00000000f7400000)
 ParOldGen       total 87552K, used 18793K [0x0000000081c00000, 0x0000000087180000, 0x00000000d5f00000)
  object space 87552K, 21% used [0x0000000081c00000,0x0000000082e5a440,0x0000000087180000)
 Metaspace       used 20759K, capacity 21162K, committed 21248K, reserved 1069056K
  class space    used 2429K, capacity 2556K, committed 2560K, reserved 1048576K
Event: 42.811 GC heap after
Heap after GC invocations=9 (full 1):
 PSYoungGen      total 545792K, used 0K [0x00000000d5f00000, 0x00000000f8100000, 0x0000000100000000)
  eden space 532480K, 0% used [0x00000000d5f00000,0x00000000d5f00000,0x00000000f6700000)
  from space 13312K, 0% used [0x00000000f7400000,0x00000000f7400000,0x00000000f8100000)
  to   space 13312K, 0% used [0x00000000f6700000,0x00000000f6700000,0x00000000f7400000)
 ParOldGen       total 64512K, used 19661K [0x0000000081c00000, 0x0000000085b00000, 0x00000000d5f00000)
  object space 64512K, 30% used [0x0000000081c00000,0x0000000082f33688,0x0000000085b00000)
 Metaspace       used 20759K, capacity 21162K, committed 21248K, reserved 1069056K
  class space    used 2429K, capacity 2556K, committed 2560K, reserved 1048576K
}
Event: 65.729 GC heap before
{Heap before GC invocations=10 (full 1):
 PSYoungGen      total 545792K, used 532480K [0x00000000d5f00000, 0x00000000f8100000, 0x0000000100000000)
  eden space 532480K, 100% used [0x00000000d5f00000,0x00000000f6700000,0x00000000f6700000)
  from space 13312K, 0% used [0x00000000f7400000,0x00000000f7400000,0x00000000f8100000)
  to   space 13312K, 0% used [0x00000000f6700000,0x00000000f6700000,0x00000000f7400000)
 ParOldGen       total 64512K, used 19661K [0x0000000081c00000, 0x0000000085b00000, 0x00000000d5f00000)
  object space 64512K, 30% used [0x0000000081c00000,0x0000000082f33688,0x0000000085b00000)
 Metaspace       used 20863K, capacity 21372K, committed 21504K, reserved 1069056K
  class space    used 2436K, capacity 2559K, committed 2560K, reserved 1048576K
Event: 68.173 GC heap after
Heap after GC invocations=10 (full 1):
 PSYoungGen      total 545792K, used 1248K [0x00000000d5f00000, 0x0000000100000000, 0x0000000100000000)
  eden space 532480K, 0% used [0x00000000d5f00000,0x00000000d5f00000,0x00000000f6700000)
  from space 13312K, 9% used [0x00000000f6700000,0x00000000f6838000,0x00000000f7400000)
  to   space 13824K, 0% used [0x00000000ff280000,0x00000000ff280000,0x0000000100000000)
 ParOldGen       total 64512K, used 19661K [0x0000000081c00000, 0x0000000085b00000, 0x00000000d5f00000)
  object space 64512K, 30% used [0x0000000081c00000,0x0000000082f33688,0x0000000085b00000)
 Metaspace       used 20863K, capacity 21372K, committed 21504K, reserved 1069056K
  class space    used 2436K, capacity 2559K, committed 2560K, reserved 1048576K
}
Event: 75.378 GC heap before
{Heap before GC invocations=11 (full 1):
 PSYoungGen      total 545792K, used 533728K [0x00000000d5f00000, 0x0000000100000000, 0x0000000100000000)
  eden space 532480K, 100% used [0x00000000d5f00000,0x00000000f6700000,0x00000000f6700000)
  from space 13312K, 9% used [0x00000000f6700000,0x00000000f6838000,0x00000000f7400000)
  to   space 13824K, 0% used [0x00000000ff280000,0x00000000ff280000,0x0000000100000000)
 ParOldGen       total 64512K, used 19661K [0x0000000081c00000, 0x0000000085b00000, 0x00000000d5f00000)
  object space 64512K, 30% used [0x0000000081c00000,0x0000000082f33688,0x0000000085b00000)
 Metaspace       used 20866K, capacity 21372K, committed 21504K, reserved 1069056K
  class space    used 2436K, capacity 2559K, committed 2560K, reserved 1048576K
Event: 75.632 GC heap after
Heap after GC invocations=11 (full 1):
 PSYoungGen      total 675328K, used 800K [0x00000000d5f00000, 0x0000000100000000, 0x0000000100000000)
  eden space 661504K, 0% used [0x00000000d5f00000,0x00000000d5f00000,0x00000000fe500000)
  from space 13824K, 5% used [0x00000000ff280000,0x00000000ff348000,0x0000000100000000)
  to   space 13824K, 0% used [0x00000000fe500000,0x00000000fe500000,0x00000000ff280000)
 ParOldGen       total 64512K, used 19669K [0x0000000081c00000, 0x0000000085b00000, 0x00000000d5f00000)
  object space 64512K, 30% used [0x0000000081c00000,0x0000000082f35688,0x0000000085b00000)
 Metaspace       used 20866K, capacity 21372K, committed 21504K, reserved 1069056K
  class space    used 2436K, capacity 2559K, committed 2560K, reserved 1048576K
}

