# JRE version: Java(TM) SE Runtime Environment (8.0_131-b11) (build 1.8.0_131-b11)
# Java VM: Java HotSpot(TM) 64-Bit Server VM (25.131-b11 mixed mode linux-amd64 compressed oops)
Heap:
 PSYoungGen      total 546304K, used 126919K [0x00000000d5f00000, 0x00000000fe400000, 0x0000000100000000)
  eden space 532480K, 23% used [0x00000000d5f00000,0x00000000dd9a1d50,0x00000000f6700000)
  from space 13824K, 9% used [0x00000000f6700000,0x00000000f6850000,0x00000000f7480000)
  to   space 14336K, 0% used [0x00000000fd600000,0x00000000fd600000,0x00000000fe400000)
 ParOldGen       total 81408K, used 18991K [0x0000000081c00000, 0x0000000086b80000, 0x00000000d5f00000)
  object space 81408K, 23% used [0x0000000081c00000,0x0000000082e8bff0,0x0000000086b80000)
 Metaspace       used 20952K, capacity 21414K, committed 21504K, reserved 1069056K
  class space    used 2434K, capacity 2554K, committed 2560K, reserved 1048576K
GC Heap History (10 events):
Event: 44.340 GC heap before
{Heap before GC invocations=6 (full 0):
 PSYoungGen      total 138240K, used 138232K [0x00000000d5f00000, 0x00000000e7f00000, 0x0000000100000000)
  eden space 133120K, 100% used [0x00000000d5f00000,0x00000000de100000,0x00000000de100000)
  from space 5120K, 99% used [0x00000000de100000,0x00000000de5fe2e8,0x00000000de600000)
  to   space 14336K, 0% used [0x00000000e7100000,0x00000000e7100000,0x00000000e7f00000)
 ParOldGen       total 87552K, used 13677K [0x0000000081c00000, 0x0000000087180000, 0x00000000d5f00000)
  object space 87552K, 15% used [0x0000000081c00000,0x000000008295b6c8,0x0000000087180000)
 Metaspace       used 17793K, capacity 18128K, committed 18432K, reserved 1064960K
  class space    used 2094K, capacity 2194K, committed 2304K, reserved 1048576K
Event: 44.597 GC heap after
Heap after GC invocations=6 (full 0):
 PSYoungGen      total 280576K, used 5144K [0x00000000d5f00000, 0x00000000e7f00000, 0x0000000100000000)
  eden space 266240K, 0% used [0x00000000d5f00000,0x00000000d5f00000,0x00000000e6300000)
  from space 14336K, 35% used [0x00000000e7100000,0x00000000e76062e8,0x00000000e7f00000)
  to   space 14336K, 0% used [0x00000000e6300000,0x00000000e6300000,0x00000000e7100000)
 ParOldGen       total 87552K, used 13677K [0x0000000081c00000, 0x0000000087180000, 0x00000000d5f00000)
  object space 87552K, 15% used [0x0000000081c00000,0x000000008295b6c8,0x0000000087180000)
 Metaspace       used 17793K, capacity 18128K, committed 18432K, reserved 1064960K
  class space    used 2094K, capacity 2194K, committed 2304K, reserved 1048576K
}
Event: 48.400 GC heap before
{Heap before GC invocations=7 (full 0):
 PSYoungGen      total 280576K, used 271384K [0x00000000d5f00000, 0x00000000e7f00000, 0x0000000100000000)
  eden space 266240K, 100% used [0x00000000d5f00000,0x00000000e6300000,0x00000000e6300000)
  from space 14336K, 35% used [0x00000000e7100000,0x00000000e76062e8,0x00000000e7f00000)
  to   space 14336K, 0% used [0x00000000e6300000,0x00000000e6300000,0x00000000e7100000)
 ParOldGen       total 87552K, used 13677K [0x0000000081c00000, 0x0000000087180000, 0x00000000d5f00000)
  object space 87552K, 15% used [0x0000000081c00000,0x000000008295b6c8,0x0000000087180000)
 Metaspace       used 17793K, capacity 18128K, committed 18432K, reserved 1064960K
  class space    used 2094K, capacity 2194K, committed 2304K, reserved 1048576K
Event: 52.197 GC heap after
Heap after GC invocations=7 (full 0):
 PSYoungGen      total 280576K, used 3896K [0x00000000d5f00000, 0x00000000f8200000, 0x0000000100000000)
  eden space 266240K, 0% used [0x00000000d5f00000,0x00000000d5f00000,0x00000000e6300000)
  from space 14336K, 27% used [0x00000000e6300000,0x00000000e66ce2e8,0x00000000e7100000)
  to   space 13824K, 0% used [0x00000000f7480000,0x00000000f7480000,0x00000000f8200000)
 ParOldGen       total 87552K, used 14985K [0x0000000081c00000, 0x0000000087180000, 0x00000000d5f00000)
  object space 87552K, 17% used [0x0000000081c00000,0x0000000082aa26f8,0x0000000087180000)
 Metaspace       used 17793K, capacity 18128K, committed 18432K, reserved 1064960K
  class space    used 2094K, capacity 2194K, committed 2304K, reserved 1048576K
}
Event: 242.224 GC heap before
{Heap before GC invocations=8 (full 0):
 PSYoungGen      total 280576K, used 270134K [0x00000000d5f00000, 0x00000000f8200000, 0x0000000100000000)
  eden space 266240K, 99% used [0x00000000d5f00000,0x00000000e62ff738,0x00000000e6300000)
  from space 14336K, 27% used [0x00000000e6300000,0x00000000e66ce2e8,0x00000000e7100000)
  to   space 13824K, 0% used [0x00000000f7480000,0x00000000f7480000,0x00000000f8200000)
 ParOldGen       total 87552K, used 14985K [0x0000000081c00000, 0x0000000087180000, 0x00000000d5f00000)
  object space 87552K, 17% used [0x0000000081c00000,0x0000000082aa26f8,0x0000000087180000)
 Metaspace       used 20780K, capacity 21152K, committed 21248K, reserved 1069056K
  class space    used 2426K, capacity 2553K, committed 2560K, reserved 1048576K
Event: 243.672 GC heap after
Heap after GC invocations=8 (full 0):
 PSYoungGen      total 546304K, used 3110K [0x00000000d5f00000, 0x00000000f8200000, 0x0000000100000000)
  eden space 532480K, 0% used [0x00000000d5f00000,0x00000000d5f00000,0x00000000f6700000)
  from space 13824K, 22% used [0x00000000f7480000,0x00000000f7789a28,0x00000000f8200000)
  to   space 13824K, 0% used [0x00000000f6700000,0x00000000f6700000,0x00000000f7480000)
 ParOldGen       total 87552K, used 18831K [0x0000000081c00000, 0x0000000087180000, 0x00000000d5f00000)
  object space 87552K, 21% used [0x0000000081c00000,0x0000000082e63c30,0x0000000087180000)
 Metaspace       used 20780K, capacity 21152K, committed 21248K, reserved 1069056K
  class space    used 2426K, capacity 2553K, committed 2560K, reserved 1048576K
}
Event: 243.672 GC heap before
{Heap before GC invocations=9 (full 1):
 PSYoungGen      total 546304K, used 3110K [0x00000000d5f00000, 0x00000000f8200000, 0x0000000100000000)
  eden space 532480K, 0% used [0x00000000d5f00000,0x00000000d5f00000,0x00000000f6700000)
  from space 13824K, 22% used [0x00000000f7480000,0x00000000f7789a28,0x00000000f8200000)
  to   space 13824K, 0% used [0x00000000f6700000,0x00000000f6700000,0x00000000f7480000)
 ParOldGen       total 87552K, used 18831K [0x0000000081c00000, 0x0000000087180000, 0x00000000d5f00000)
  object space 87552K, 21% used [0x0000000081c00000,0x0000000082e63c30,0x0000000087180000)
 Metaspace       used 20780K, capacity 21152K, committed 21248K, reserved 1069056K
  class space    used 2426K, capacity 2553K, committed 2560K, reserved 1048576K
Event: 271.247 GC heap after
Heap after GC invocations=9 (full 1):
 PSYoungGen      total 546304K, used 0K [0x00000000d5f00000, 0x00000000f8200000, 0x0000000100000000)
  eden space 532480K, 0% used [0x00000000d5f00000,0x00000000d5f00000,0x00000000f6700000)
  from space 13824K, 0% used [0x00000000f7480000,0x00000000f7480000,0x00000000f8200000)
  to   space 13824K, 0% used [0x00000000f6700000,0x00000000f6700000,0x00000000f7480000)
 ParOldGen       total 81408K, used 18983K [0x0000000081c00000, 0x0000000086b80000, 0x00000000d5f00000)
  object space 81408K, 23% used [0x0000000081c00000,0x0000000082e89ff0,0x0000000086b80000)
 Metaspace       used 20780K, capacity 21152K, committed 21248K, reserved 1069056K
  class space    used 2426K, capacity 2553K, committed 2560K, reserved 1048576K
}
Event: 920.222 GC heap before
{Heap before GC invocations=10 (full 1):
 PSYoungGen      total 546304K, used 532480K [0x00000000d5f00000, 0x00000000f8200000, 0x0000000100000000)
  eden space 532480K, 100% used [0x00000000d5f00000,0x00000000f6700000,0x00000000f6700000)
  from space 13824K, 0% used [0x00000000f7480000,0x00000000f7480000,0x00000000f8200000)
  to   space 13824K, 0% used [0x00000000f6700000,0x00000000f6700000,0x00000000f7480000)
 ParOldGen       total 81408K, used 18983K [0x0000000081c00000, 0x0000000086b80000, 0x00000000d5f00000)
  object space 81408K, 23% used [0x0000000081c00000,0x0000000082e89ff0,0x0000000086b80000)
 Metaspace       used 20950K, capacity 21414K, committed 21504K, reserved 1069056K
  class space    used 2434K, capacity 2554K, committed 2560K, reserved 1048576K
Event: 925.774 GC heap after
Heap after GC invocations=10 (full 1):
 PSYoungGen      total 546304K, used 1344K [0x00000000d5f00000, 0x00000000fe400000, 0x0000000100000000)
  eden space 532480K, 0% used [0x00000000d5f00000,0x00000000d5f00000,0x00000000f6700000)
  from space 13824K, 9% used [0x00000000f6700000,0x00000000f6850000,0x00000000f7480000)
  to   space 14336K, 0% used [0x00000000fd600000,0x00000000fd600000,0x00000000fe400000)
 ParOldGen       total 81408K, used 18991K [0x0000000081c00000, 0x0000000086b80000, 0x00000000d5f00000)
  object space 81408K, 23% used [0x0000000081c00000,0x0000000082e8bff0,0x0000000086b80000)
 Metaspace       used 20950K, capacity 21414K, committed 21504K, reserved 1069056K
  class space    used 2434K, capacity 2554K, committed 2560K, reserved 1048576K
}

