# JRE version: Java(TM) SE Runtime Environment (8.0_131-b11) (build 1.8.0_131-b11)
# Java VM: Java HotSpot(TM) 64-Bit Server VM (25.131-b11 mixed mode linux-amd64 compressed oops)
Heap:
 PSYoungGen      total 674304K, used 515595K [0x00000000d5f00000, 0x0000000100000000, 0x0000000100000000)
  eden space 659456K, 77% used [0x00000000d5f00000,0x00000000f5542cd0,0x00000000fe300000)
  from space 14848K, 8% used [0x00000000ff180000,0x00000000ff2c0000,0x0000000100000000)
  to   space 14848K, 0% used [0x00000000fe300000,0x00000000fe300000,0x00000000ff180000)
 ParOldGen       total 68096K, used 19649K [0x0000000081c00000, 0x0000000085e80000, 0x00000000d5f00000)
  object space 68096K, 28% used [0x0000000081c00000,0x0000000082f305b0,0x0000000085e80000)
 Metaspace       used 21144K, capacity 21720K, committed 21888K, reserved 1069056K
  class space    used 2461K, capacity 2623K, committed 2688K, reserved 1048576K
GC Heap History (10 events):
Event: 37.685 GC heap before
{Heap before GC invocations=7 (full 0):
 PSYoungGen      total 281088K, used 271377K [0x00000000d5f00000, 0x00000000e8100000, 0x0000000100000000)
  eden space 266240K, 100% used [0x00000000d5f00000,0x00000000e6300000,0x00000000e6300000)
  from space 14848K, 34% used [0x00000000e7280000,0x00000000e77847d8,0x00000000e8100000)
  to   space 15360K, 0% used [0x00000000e6300000,0x00000000e6300000,0x00000000e7200000)
 ParOldGen       total 87552K, used 15167K [0x0000000081c00000, 0x0000000087180000, 0x00000000d5f00000)
  object space 87552K, 17% used [0x0000000081c00000,0x0000000082acfc58,0x0000000087180000)
 Metaspace       used 20707K, capacity 21158K, committed 21248K, reserved 1069056K
  class space    used 2428K, capacity 2556K, committed 2560K, reserved 1048576K
Event: 37.944 GC heap after
Heap after GC invocations=7 (full 0):
 PSYoungGen      total 281600K, used 7751K [0x00000000d5f00000, 0x00000000f8300000, 0x0000000100000000)
  eden space 266240K, 0% used [0x00000000d5f00000,0x00000000d5f00000,0x00000000e6300000)
  from space 15360K, 50% used [0x00000000e6300000,0x00000000e6a91d38,0x00000000e7200000)
  to   space 14336K, 0% used [0x00000000f7500000,0x00000000f7500000,0x00000000f8300000)
 ParOldGen       total 87552K, used 15500K [0x0000000081c00000, 0x0000000087180000, 0x00000000d5f00000)
  object space 87552K, 17% used [0x0000000081c00000,0x0000000082b23088,0x0000000087180000)
 Metaspace       used 20707K, capacity 21158K, committed 21248K, reserved 1069056K
  class space    used 2428K, capacity 2556K, committed 2560K, reserved 1048576K
}
Event: 40.880 GC heap before
{Heap before GC invocations=8 (full 0):
 PSYoungGen      total 281600K, used 93093K [0x00000000d5f00000, 0x00000000f8300000, 0x0000000100000000)
  eden space 266240K, 32% used [0x00000000d5f00000,0x00000000db257730,0x00000000e6300000)
  from space 15360K, 50% used [0x00000000e6300000,0x00000000e6a91d38,0x00000000e7200000)
  to   space 14336K, 0% used [0x00000000f7500000,0x00000000f7500000,0x00000000f8300000)
 ParOldGen       total 87552K, used 15500K [0x0000000081c00000, 0x0000000087180000, 0x00000000d5f00000)
  object space 87552K, 17% used [0x0000000081c00000,0x0000000082b23088,0x0000000087180000)
 Metaspace       used 20754K, capacity 21158K, committed 21248K, reserved 1069056K
  class space    used 2428K, capacity 2556K, committed 2560K, reserved 1048576K
Event: 41.143 GC heap after
Heap after GC invocations=8 (full 0):
 PSYoungGen      total 546816K, used 2852K [0x00000000d5f00000, 0x00000000f8300000, 0x0000000100000000)
  eden space 532480K, 0% used [0x00000000d5f00000,0x00000000d5f00000,0x00000000f6700000)
  from space 14336K, 19% used [0x00000000f7500000,0x00000000f77c9098,0x00000000f8300000)
  to   space 14336K, 0% used [0x00000000f6700000,0x00000000f6700000,0x00000000f7500000)
 ParOldGen       total 87552K, used 20305K [0x0000000081c00000, 0x0000000087180000, 0x00000000d5f00000)
  object space 87552K, 23% used [0x0000000081c00000,0x0000000082fd46d0,0x0000000087180000)
 Metaspace       used 20754K, capacity 21158K, committed 21248K, reserved 1069056K
  class space    used 2428K, capacity 2556K, committed 2560K, reserved 1048576K
}
Event: 41.143 GC heap before
{Heap before GC invocations=9 (full 1):
 PSYoungGen      total 546816K, used 2852K [0x00000000d5f00000, 0x00000000f8300000, 0x0000000100000000)
  eden space 532480K, 0% used [0x00000000d5f00000,0x00000000d5f00000,0x00000000f6700000)
  from space 14336K, 19% used [0x00000000f7500000,0x00000000f77c9098,0x00000000f8300000)
  to   space 14336K, 0% used [0x00000000f6700000,0x00000000f6700000,0x00000000f7500000)
 ParOldGen       total 87552K, used 20305K [0x0000000081c00000, 0x0000000087180000, 0x00000000d5f00000)
  object space 87552K, 23% used [0x0000000081c00000,0x0000000082fd46d0,0x0000000087180000)
 Metaspace       used 20754K, capacity 21158K, committed 21248K, reserved 1069056K
  class space    used 2428K, capacity 2556K, committed 2560K, reserved 1048576K
Event: 41.716 GC heap after
Heap after GC invocations=9 (full 1):
 PSYoungGen      total 546816K, used 0K [0x00000000d5f00000, 0x00000000f8300000, 0x0000000100000000)
  eden space 532480K, 0% used [0x00000000d5f00000,0x00000000d5f00000,0x00000000f6700000)
  from space 14336K, 0% used [0x00000000f7500000,0x00000000f7500000,0x00000000f8300000)
  to   space 14336K, 0% used [0x00000000f6700000,0x00000000f6700000,0x00000000f7500000)
 ParOldGen       total 68096K, used 19641K [0x0000000081c00000, 0x0000000085e80000, 0x00000000d5f00000)
  object space 68096K, 28% used [0x0000000081c00000,0x0000000082f2e5b0,0x0000000085e80000)
 Metaspace       used 20754K, capacity 21158K, committed 21248K, reserved 1069056K
  class space    used 2428K, capacity 2556K, committed 2560K, reserved 1048576K
}
Event: 69.350 GC heap before
{Heap before GC invocations=10 (full 1):
 PSYoungGen      total 546816K, used 532480K [0x00000000d5f00000, 0x00000000f8300000, 0x0000000100000000)
  eden space 532480K, 100% used [0x00000000d5f00000,0x00000000f6700000,0x00000000f6700000)
  from space 14336K, 0% used [0x00000000f7500000,0x00000000f7500000,0x00000000f8300000)
  to   space 14336K, 0% used [0x00000000f6700000,0x00000000f6700000,0x00000000f7500000)
 ParOldGen       total 68096K, used 19641K [0x0000000081c00000, 0x0000000085e80000, 0x00000000d5f00000)
  object space 68096K, 28% used [0x0000000081c00000,0x0000000082f2e5b0,0x0000000085e80000)
 Metaspace       used 20884K, capacity 21368K, committed 21504K, reserved 1069056K
  class space    used 2436K, capacity 2559K, committed 2560K, reserved 1048576K
Event: 72.153 GC heap after
Heap after GC invocations=10 (full 1):
 PSYoungGen      total 546816K, used 1248K [0x00000000d5f00000, 0x0000000100000000, 0x0000000100000000)
  eden space 532480K, 0% used [0x00000000d5f00000,0x00000000d5f00000,0x00000000f6700000)
  from space 14336K, 8% used [0x00000000f6700000,0x00000000f6838000,0x00000000f7500000)
  to   space 14848K, 0% used [0x00000000ff180000,0x00000000ff180000,0x0000000100000000)
 ParOldGen       total 68096K, used 19649K [0x0000000081c00000, 0x0000000085e80000, 0x00000000d5f00000)
  object space 68096K, 28% used [0x0000000081c00000,0x0000000082f305b0,0x0000000085e80000)
 Metaspace       used 20884K, capacity 21368K, committed 21504K, reserved 1069056K
  class space    used 2436K, capacity 2559K, committed 2560K, reserved 1048576K
}
Event: 77.935 GC heap before
{Heap before GC invocations=11 (full 1):
 PSYoungGen      total 546816K, used 533728K [0x00000000d5f00000, 0x0000000100000000, 0x0000000100000000)
  eden space 532480K, 100% used [0x00000000d5f00000,0x00000000f6700000,0x00000000f6700000)
  from space 14336K, 8% used [0x00000000f6700000,0x00000000f6838000,0x00000000f7500000)
  to   space 14848K, 0% used [0x00000000ff180000,0x00000000ff180000,0x0000000100000000)
 ParOldGen       total 68096K, used 19649K [0x0000000081c00000, 0x0000000085e80000, 0x00000000d5f00000)
  object space 68096K, 28% used [0x0000000081c00000,0x0000000082f305b0,0x0000000085e80000)
 Metaspace       used 20884K, capacity 21368K, committed 21504K, reserved 1069056K
  class space    used 2436K, capacity 2559K, committed 2560K, reserved 1048576K
Event: 79.225 GC heap after
Heap after GC invocations=11 (full 1):
 PSYoungGen      total 674304K, used 1280K [0x00000000d5f00000, 0x0000000100000000, 0x0000000100000000)
  eden space 659456K, 0% used [0x00000000d5f00000,0x00000000d5f00000,0x00000000fe300000)
  from space 14848K, 8% used [0x00000000ff180000,0x00000000ff2c0000,0x0000000100000000)
  to   space 14848K, 0% used [0x00000000fe300000,0x00000000fe300000,0x00000000ff180000)
 ParOldGen       total 68096K, used 19649K [0x0000000081c00000, 0x0000000085e80000, 0x00000000d5f00000)
  object space 68096K, 28% used [0x0000000081c00000,0x0000000082f305b0,0x0000000085e80000)
 Metaspace       used 20884K, capacity 21368K, committed 21504K, reserved 1069056K
  class space    used 2436K, capacity 2559K, committed 2560K, reserved 1048576K
}

