# JRE version: Java(TM) SE Runtime Environment (8.0_131-b11) (build 1.8.0_131-b11)
# Java VM: Java HotSpot(TM) 64-Bit Server VM (25.131-b11 mixed mode linux-amd64 compressed oops)
Heap:
 PSYoungGen      total 25600K, used 19793K [0x00000000d5f00000, 0x00000000d8180000, 0x0000000100000000)
  eden space 25088K, 78% used [0x00000000d5f00000,0x00000000d723c6b8,0x00000000d7780000)
  from space 512K, 18% used [0x00000000d8100000,0x00000000d8118000,0x00000000d8180000)
  to   space 512K, 0% used [0x00000000d8080000,0x00000000d8080000,0x00000000d8100000)
 ParOldGen       total 74752K, used 47057K [0x0000000081c00000, 0x0000000086500000, 0x00000000d5f00000)
  object space 74752K, 62% used [0x0000000081c00000,0x00000000849f4670,0x0000000086500000)
 Metaspace       used 21764K, capacity 22276K, committed 22400K, reserved 1069056K
  class space    used 2466K, capacity 2629K, committed 2688K, reserved 1048576K
GC Heap History (10 events):
Event: 304.470 GC heap before
{Heap before GC invocations=1626 (full 2):
 PSYoungGen      total 25600K, used 25184K [0x00000000d5f00000, 0x00000000d8180000, 0x0000000100000000)
  eden space 25088K, 100% used [0x00000000d5f00000,0x00000000d7780000,0x00000000d7780000)
  from space 512K, 18% used [0x00000000d8080000,0x00000000d8098000,0x00000000d8100000)
  to   space 512K, 0% used [0x00000000d8100000,0x00000000d8100000,0x00000000d8180000)
 ParOldGen       total 74752K, used 46921K [0x0000000081c00000, 0x0000000086500000, 0x00000000d5f00000)
  object space 74752K, 62% used [0x0000000081c00000,0x00000000849d2670,0x0000000086500000)
 Metaspace       used 21764K, capacity 22276K, committed 22400K, reserved 1069056K
  class space    used 2466K, capacity 2629K, committed 2688K, reserved 1048576K
Event: 304.472 GC heap after
Heap after GC invocations=1626 (full 2):
 PSYoungGen      total 25600K, used 96K [0x00000000d5f00000, 0x00000000d8180000, 0x0000000100000000)
  eden space 25088K, 0% used [0x00000000d5f00000,0x00000000d5f00000,0x00000000d7780000)
  from space 512K, 18% used [0x00000000d8100000,0x00000000d8118000,0x00000000d8180000)
  to   space 512K, 0% used [0x00000000d8080000,0x00000000d8080000,0x00000000d8100000)
 ParOldGen       total 74752K, used 46945K [0x0000000081c00000, 0x0000000086500000, 0x00000000d5f00000)
  object space 74752K, 62% used [0x0000000081c00000,0x00000000849d8670,0x0000000086500000)
 Metaspace       used 21764K, capacity 22276K, committed 22400K, reserved 1069056K
  class space    used 2466K, capacity 2629K, committed 2688K, reserved 1048576K
}
Event: 304.784 GC heap before
{Heap before GC invocations=1627 (full 2):
 PSYoungGen      total 25600K, used 25184K [0x00000000d5f00000, 0x00000000d8180000, 0x0000000100000000)
  eden space 25088K, 100% used [0x00000000d5f00000,0x00000000d7780000,0x00000000d7780000)
  from space 512K, 18% used [0x00000000d8100000,0x00000000d8118000,0x00000000d8180000)
  to   space 512K, 0% used [0x00000000d8080000,0x00000000d8080000,0x00000000d8100000)
 ParOldGen       total 74752K, used 46945K [0x0000000081c00000, 0x0000000086500000, 0x00000000d5f00000)
  object space 74752K, 62% used [0x0000000081c00000,0x00000000849d8670,0x0000000086500000)
 Metaspace       used 21764K, capacity 22276K, committed 22400K, reserved 1069056K
  class space    used 2466K, capacity 2629K, committed 2688K, reserved 1048576K
Event: 304.785 GC heap after
Heap after GC invocations=1627 (full 2):
 PSYoungGen      total 25600K, used 96K [0x00000000d5f00000, 0x00000000d8180000, 0x0000000100000000)
  eden space 25088K, 0% used [0x00000000d5f00000,0x00000000d5f00000,0x00000000d7780000)
  from space 512K, 18% used [0x00000000d8080000,0x00000000d8098000,0x00000000d8100000)
  to   space 512K, 0% used [0x00000000d8100000,0x00000000d8100000,0x00000000d8180000)
 ParOldGen       total 74752K, used 46969K [0x0000000081c00000, 0x0000000086500000, 0x00000000d5f00000)
  object space 74752K, 62% used [0x0000000081c00000,0x00000000849de670,0x0000000086500000)
 Metaspace       used 21764K, capacity 22276K, committed 22400K, reserved 1069056K
  class space    used 2466K, capacity 2629K, committed 2688K, reserved 1048576K
}
Event: 304.920 GC heap before
{Heap before GC invocations=1628 (full 2):
 PSYoungGen      total 25600K, used 25184K [0x00000000d5f00000, 0x00000000d8180000, 0x0000000100000000)
  eden space 25088K, 100% used [0x00000000d5f00000,0x00000000d7780000,0x00000000d7780000)
  from space 512K, 18% used [0x00000000d8080000,0x00000000d8098000,0x00000000d8100000)
  to   space 512K, 0% used [0x00000000d8100000,0x00000000d8100000,0x00000000d8180000)
 ParOldGen       total 74752K, used 46969K [0x0000000081c00000, 0x0000000086500000, 0x00000000d5f00000)
  object space 74752K, 62% used [0x0000000081c00000,0x00000000849de670,0x0000000086500000)
 Metaspace       used 21764K, capacity 22276K, committed 22400K, reserved 1069056K
  class space    used 2466K, capacity 2629K, committed 2688K, reserved 1048576K
Event: 304.921 GC heap after
Heap after GC invocations=1628 (full 2):
 PSYoungGen      total 25600K, used 128K [0x00000000d5f00000, 0x00000000d8180000, 0x0000000100000000)
  eden space 25088K, 0% used [0x00000000d5f00000,0x00000000d5f00000,0x00000000d7780000)
  from space 512K, 25% used [0x00000000d8100000,0x00000000d8120000,0x00000000d8180000)
  to   space 512K, 0% used [0x00000000d8080000,0x00000000d8080000,0x00000000d8100000)
 ParOldGen       total 74752K, used 47001K [0x0000000081c00000, 0x0000000086500000, 0x00000000d5f00000)
  object space 74752K, 62% used [0x0000000081c00000,0x00000000849e6670,0x0000000086500000)
 Metaspace       used 21764K, capacity 22276K, committed 22400K, reserved 1069056K
  class space    used 2466K, capacity 2629K, committed 2688K, reserved 1048576K
}
Event: 305.055 GC heap before
{Heap before GC invocations=1629 (full 2):
 PSYoungGen      total 25600K, used 25216K [0x00000000d5f00000, 0x00000000d8180000, 0x0000000100000000)
  eden space 25088K, 100% used [0x00000000d5f00000,0x00000000d7780000,0x00000000d7780000)
  from space 512K, 25% used [0x00000000d8100000,0x00000000d8120000,0x00000000d8180000)
  to   space 512K, 0% used [0x00000000d8080000,0x00000000d8080000,0x00000000d8100000)
 ParOldGen       total 74752K, used 47001K [0x0000000081c00000, 0x0000000086500000, 0x00000000d5f00000)
  object space 74752K, 62% used [0x0000000081c00000,0x00000000849e6670,0x0000000086500000)
 Metaspace       used 21764K, capacity 22276K, committed 22400K, reserved 1069056K
  class space    used 2466K, capacity 2629K, committed 2688K, reserved 1048576K
Event: 305.056 GC heap after
Heap after GC invocations=1629 (full 2):
 PSYoungGen      total 25600K, used 128K [0x00000000d5f00000, 0x00000000d8180000, 0x0000000100000000)
  eden space 25088K, 0% used [0x00000000d5f00000,0x00000000d5f00000,0x00000000d7780000)
  from space 512K, 25% used [0x00000000d8080000,0x00000000d80a0000,0x00000000d8100000)
  to   space 512K, 0% used [0x00000000d8100000,0x00000000d8100000,0x00000000d8180000)
 ParOldGen       total 74752K, used 47033K [0x0000000081c00000, 0x0000000086500000, 0x00000000d5f00000)
  object space 74752K, 62% used [0x0000000081c00000,0x00000000849ee670,0x0000000086500000)
 Metaspace       used 21764K, capacity 22276K, committed 22400K, reserved 1069056K
  class space    used 2466K, capacity 2629K, committed 2688K, reserved 1048576K
}
Event: 305.200 GC heap before
{Heap before GC invocations=1630 (full 2):
 PSYoungGen      total 25600K, used 25216K [0x00000000d5f00000, 0x00000000d8180000, 0x0000000100000000)
  eden space 25088K, 100% used [0x00000000d5f00000,0x00000000d7780000,0x00000000d7780000)
  from space 512K, 25% used [0x00000000d8080000,0x00000000d80a0000,0x00000000d8100000)
  to   space 512K, 0% used [0x00000000d8100000,0x00000000d8100000,0x00000000d8180000)
 ParOldGen       total 74752K, used 47033K [0x0000000081c00000, 0x0000000086500000, 0x00000000d5f00000)
  object space 74752K, 62% used [0x0000000081c00000,0x00000000849ee670,0x0000000086500000)
 Metaspace       used 21764K, capacity 22276K, committed 22400K, reserved 1069056K
  class space    used 2466K, capacity 2629K, committed 2688K, reserved 1048576K
Event: 305.201 GC heap after
Heap after GC invocations=1630 (full 2):
 PSYoungGen      total 25600K, used 96K [0x00000000d5f00000, 0x00000000d8180000, 0x0000000100000000)
  eden space 25088K, 0% used [0x00000000d5f00000,0x00000000d5f00000,0x00000000d7780000)
  from space 512K, 18% used [0x00000000d8100000,0x00000000d8118000,0x00000000d8180000)
  to   space 512K, 0% used [0x00000000d8080000,0x00000000d8080000,0x00000000d8100000)
 ParOldGen       total 74752K, used 47057K [0x0000000081c00000, 0x0000000086500000, 0x00000000d5f00000)
  object space 74752K, 62% used [0x0000000081c00000,0x00000000849f4670,0x0000000086500000)
 Metaspace       used 21764K, capacity 22276K, committed 22400K, reserved 1069056K
  class space    used 2466K, capacity 2629K, committed 2688K, reserved 1048576K
}

