# JRE version: Java(TM) SE Runtime Environment (8.0_131-b11) (build 1.8.0_131-b11)
# Java VM: Java HotSpot(TM) 64-Bit Server VM (25.131-b11 mixed mode linux-amd64 compressed oops)
Heap:
 PSYoungGen      total 163328K, used 119618K [0x00000000d5f00000, 0x00000000e2900000, 0x0000000100000000)
  eden space 150016K, 79% used [0x00000000d5f00000,0x00000000dd348be8,0x00000000df180000)
  from space 13312K, 4% used [0x00000000e0f80000,0x00000000e1008000,0x00000000e1c80000)
  to   space 12800K, 0% used [0x00000000e1c80000,0x00000000e1c80000,0x00000000e2900000)
 ParOldGen       total 84992K, used 15305K [0x0000000081c00000, 0x0000000086f00000, 0x00000000d5f00000)
  object space 84992K, 18% used [0x0000000081c00000,0x0000000082af2688,0x0000000086f00000)
 Metaspace       used 21111K, capacity 21626K, committed 21888K, reserved 1069056K
  class space    used 2443K, capacity 2568K, committed 2688K, reserved 1048576K
GC Heap History (10 events):
Event: 26.938 GC heap before
{Heap before GC invocations=14 (full 0):
 PSYoungGen      total 114688K, used 18451K [0x00000000d5f00000, 0x00000000e4500000, 0x0000000100000000)
  eden space 98816K, 15% used [0x00000000d5f00000,0x00000000d6e52f50,0x00000000dbf80000)
  from space 15872K, 17% used [0x00000000e2600000,0x00000000e28b1ec8,0x00000000e3580000)
  to   space 15360K, 0% used [0x00000000e3600000,0x00000000e3600000,0x00000000e4500000)
 ParOldGen       total 87552K, used 21675K [0x0000000081c00000, 0x0000000087180000, 0x00000000d5f00000)
  object space 87552K, 24% used [0x0000000081c00000,0x000000008312ae48,0x0000000087180000)
 Metaspace       used 20842K, capacity 21246K, committed 21248K, reserved 1069056K
  class space    used 2427K, capacity 2558K, committed 2560K, reserved 1048576K
Event: 26.940 GC heap after
Heap after GC invocations=14 (full 0):
 PSYoungGen      total 95744K, used 96K [0x00000000d5f00000, 0x00000000e3680000, 0x0000000100000000)
  eden space 95232K, 0% used [0x00000000d5f00000,0x00000000d5f00000,0x00000000dbc00000)
  from space 512K, 18% used [0x00000000e3600000,0x00000000e3618000,0x00000000e3680000)
  to   space 14848K, 0% used [0x00000000e1980000,0x00000000e1980000,0x00000000e2800000)
 ParOldGen       total 87552K, used 23556K [0x0000000081c00000, 0x0000000087180000, 0x00000000d5f00000)
  object space 87552K, 26% used [0x0000000081c00000,0x0000000083301178,0x0000000087180000)
 Metaspace       used 20842K, capacity 21246K, committed 21248K, reserved 1069056K
  class space    used 2427K, capacity 2558K, committed 2560K, reserved 1048576K
}
Event: 26.940 GC heap before
{Heap before GC invocations=15 (full 1):
 PSYoungGen      total 95744K, used 96K [0x00000000d5f00000, 0x00000000e3680000, 0x0000000100000000)
  eden space 95232K, 0% used [0x00000000d5f00000,0x00000000d5f00000,0x00000000dbc00000)
  from space 512K, 18% used [0x00000000e3600000,0x00000000e3618000,0x00000000e3680000)
  to   space 14848K, 0% used [0x00000000e1980000,0x00000000e1980000,0x00000000e2800000)
 ParOldGen       total 87552K, used 23556K [0x0000000081c00000, 0x0000000087180000, 0x00000000d5f00000)
  object space 87552K, 26% used [0x0000000081c00000,0x0000000083301178,0x0000000087180000)
 Metaspace       used 20842K, capacity 21246K, committed 21248K, reserved 1069056K
  class space    used 2427K, capacity 2558K, committed 2560K, reserved 1048576K
Event: 28.066 GC heap after
Heap after GC invocations=15 (full 1):
 PSYoungGen      total 95744K, used 0K [0x00000000d5f00000, 0x00000000e3680000, 0x0000000100000000)
  eden space 95232K, 0% used [0x00000000d5f00000,0x00000000d5f00000,0x00000000dbc00000)
  from space 512K, 0% used [0x00000000e3600000,0x00000000e3600000,0x00000000e3680000)
  to   space 14848K, 0% used [0x00000000e1980000,0x00000000e1980000,0x00000000e2800000)
 ParOldGen       total 84992K, used 15305K [0x0000000081c00000, 0x0000000086f00000, 0x00000000d5f00000)
  object space 84992K, 18% used [0x0000000081c00000,0x0000000082af2688,0x0000000086f00000)
 Metaspace       used 20842K, capacity 21246K, committed 21248K, reserved 1069056K
  class space    used 2427K, capacity 2558K, committed 2560K, reserved 1048576K
}
Event: 110.513 GC heap before
{Heap before GC invocations=16 (full 1):
 PSYoungGen      total 95744K, used 95232K [0x00000000d5f00000, 0x00000000e3680000, 0x0000000100000000)
  eden space 95232K, 100% used [0x00000000d5f00000,0x00000000dbc00000,0x00000000dbc00000)
  from space 512K, 0% used [0x00000000e3600000,0x00000000e3600000,0x00000000e3680000)
  to   space 14848K, 0% used [0x00000000e1980000,0x00000000e1980000,0x00000000e2800000)
 ParOldGen       total 84992K, used 15305K [0x0000000081c00000, 0x0000000086f00000, 0x00000000d5f00000)
  object space 84992K, 18% used [0x0000000081c00000,0x0000000082af2688,0x0000000086f00000)
 Metaspace       used 20987K, capacity 21416K, committed 21632K, reserved 1069056K
  class space    used 2435K, capacity 2565K, committed 2688K, reserved 1048576K
Event: 110.582 GC heap after
Heap after GC invocations=16 (full 1):
 PSYoungGen      total 116736K, used 768K [0x00000000d5f00000, 0x00000000e3680000, 0x0000000100000000)
  eden space 101888K, 0% used [0x00000000d5f00000,0x00000000d5f00000,0x00000000dc280000)
  from space 14848K, 5% used [0x00000000e1980000,0x00000000e1a40000,0x00000000e2800000)
  to   space 14336K, 0% used [0x00000000e2880000,0x00000000e2880000,0x00000000e3680000)
 ParOldGen       total 84992K, used 15305K [0x0000000081c00000, 0x0000000086f00000, 0x00000000d5f00000)
  object space 84992K, 18% used [0x0000000081c00000,0x0000000082af2688,0x0000000086f00000)
 Metaspace       used 20987K, capacity 21416K, committed 21632K, reserved 1069056K
  class space    used 2435K, capacity 2565K, committed 2688K, reserved 1048576K
}
Event: 111.724 GC heap before
{Heap before GC invocations=17 (full 1):
 PSYoungGen      total 116736K, used 102656K [0x00000000d5f00000, 0x00000000e3680000, 0x0000000100000000)
  eden space 101888K, 100% used [0x00000000d5f00000,0x00000000dc280000,0x00000000dc280000)
  from space 14848K, 5% used [0x00000000e1980000,0x00000000e1a40000,0x00000000e2800000)
  to   space 14336K, 0% used [0x00000000e2880000,0x00000000e2880000,0x00000000e3680000)
 ParOldGen       total 84992K, used 15305K [0x0000000081c00000, 0x0000000086f00000, 0x00000000d5f00000)
  object space 84992K, 18% used [0x0000000081c00000,0x0000000082af2688,0x0000000086f00000)
 Metaspace       used 21022K, capacity 21416K, committed 21632K, reserved 1069056K
  class space    used 2435K, capacity 2565K, committed 2688K, reserved 1048576K
Event: 111.823 GC heap after
Heap after GC invocations=17 (full 1):
 PSYoungGen      total 125952K, used 544K [0x00000000d5f00000, 0x00000000e2980000, 0x0000000100000000)
  eden space 124928K, 0% used [0x00000000d5f00000,0x00000000d5f00000,0x00000000dd900000)
  from space 1024K, 53% used [0x00000000e2880000,0x00000000e2908000,0x00000000e2980000)
  to   space 13312K, 0% used [0x00000000e0f80000,0x00000000e0f80000,0x00000000e1c80000)
 ParOldGen       total 84992K, used 15305K [0x0000000081c00000, 0x0000000086f00000, 0x00000000d5f00000)
  object space 84992K, 18% used [0x0000000081c00000,0x0000000082af2688,0x0000000086f00000)
 Metaspace       used 21022K, capacity 21416K, committed 21632K, reserved 1069056K
  class space    used 2435K, capacity 2565K, committed 2688K, reserved 1048576K
}
Event: 113.133 GC heap before
{Heap before GC invocations=18 (full 1):
 PSYoungGen      total 125952K, used 125472K [0x00000000d5f00000, 0x00000000e2980000, 0x0000000100000000)
  eden space 124928K, 100% used [0x00000000d5f00000,0x00000000dd900000,0x00000000dd900000)
  from space 1024K, 53% used [0x00000000e2880000,0x00000000e2908000,0x00000000e2980000)
  to   space 13312K, 0% used [0x00000000e0f80000,0x00000000e0f80000,0x00000000e1c80000)
 ParOldGen       total 84992K, used 15305K [0x0000000081c00000, 0x0000000086f00000, 0x00000000d5f00000)
  object space 84992K, 18% used [0x0000000081c00000,0x0000000082af2688,0x0000000086f00000)
 Metaspace       used 21022K, capacity 21416K, committed 21632K, reserved 1069056K
  class space    used 2435K, capacity 2565K, committed 2688K, reserved 1048576K
Event: 113.259 GC heap after
Heap after GC invocations=18 (full 1):
 PSYoungGen      total 163328K, used 544K [0x00000000d5f00000, 0x00000000e2900000, 0x0000000100000000)
  eden space 150016K, 0% used [0x00000000d5f00000,0x00000000d5f00000,0x00000000df180000)
  from space 13312K, 4% used [0x00000000e0f80000,0x00000000e1008000,0x00000000e1c80000)
  to   space 12800K, 0% used [0x00000000e1c80000,0x00000000e1c80000,0x00000000e2900000)
 ParOldGen       total 84992K, used 15305K [0x0000000081c00000, 0x0000000086f00000, 0x00000000d5f00000)
  object space 84992K, 18% used [0x0000000081c00000,0x0000000082af2688,0x0000000086f00000)
 Metaspace       used 21022K, capacity 21416K, committed 21632K, reserved 1069056K
  class space    used 2435K, capacity 2565K, committed 2688K, reserved 1048576K
}

