# JRE version: Java(TM) SE Runtime Environment (8.0_131-b11) (build 1.8.0_131-b11)
# Java VM: Java HotSpot(TM) 64-Bit Server VM (25.131-b11 mixed mode linux-amd64 compressed oops)
Heap:
 PSYoungGen      total 545792K, used 276629K [0x00000000d5f00000, 0x00000000f8100000, 0x0000000100000000)
  eden space 532480K, 51% used [0x00000000d5f00000,0x00000000e6d254d8,0x00000000f6700000)
  from space 13312K, 0% used [0x00000000f7400000,0x00000000f7400000,0x00000000f8100000)
  to   space 13312K, 0% used [0x00000000f6700000,0x00000000f6700000,0x00000000f7400000)
 ParOldGen       total 66560K, used 19794K [0x0000000081c00000, 0x0000000085d00000, 0x00000000d5f00000)
  object space 66560K, 29% used [0x0000000081c00000,0x0000000082f54af8,0x0000000085d00000)
 Metaspace       used 20894K, capacity 21376K, committed 21504K, reserved 1069056K
  class space    used 2438K, capacity 2559K, committed 2560K, reserved 1048576K
GC Heap History (10 events):
Event: 20.666 GC heap before
{Heap before GC invocations=5 (full 0):
 PSYoungGen      total 138240K, used 138232K [0x00000000d5f00000, 0x00000000deb00000, 0x0000000100000000)
  eden space 133120K, 100% used [0x00000000d5f00000,0x00000000de100000,0x00000000de100000)
  from space 5120K, 99% used [0x00000000de600000,0x00000000deafe2e8,0x00000000deb00000)
  to   space 5120K, 0% used [0x00000000de100000,0x00000000de100000,0x00000000de600000)
 ParOldGen       total 87552K, used 13454K [0x0000000081c00000, 0x0000000087180000, 0x00000000d5f00000)
  object space 87552K, 15% used [0x0000000081c00000,0x0000000082923918,0x0000000087180000)
 Metaspace       used 17781K, capacity 18142K, committed 18432K, reserved 1064960K
  class space    used 2098K, capacity 2197K, committed 2304K, reserved 1048576K
Event: 20.940 GC heap after
Heap after GC invocations=5 (full 0):
 PSYoungGen      total 138240K, used 5112K [0x00000000d5f00000, 0x00000000e7f00000, 0x0000000100000000)
  eden space 133120K, 0% used [0x00000000d5f00000,0x00000000d5f00000,0x00000000de100000)
  from space 5120K, 99% used [0x00000000de100000,0x00000000de5fe2e8,0x00000000de600000)
  to   space 14336K, 0% used [0x00000000e7100000,0x00000000e7100000,0x00000000e7f00000)
 ParOldGen       total 87552K, used 13502K [0x0000000081c00000, 0x0000000087180000, 0x00000000d5f00000)
  object space 87552K, 15% used [0x0000000081c00000,0x000000008292f918,0x0000000087180000)
 Metaspace       used 17781K, capacity 18142K, committed 18432K, reserved 1064960K
  class space    used 2098K, capacity 2197K, committed 2304K, reserved 1048576K
}
Event: 22.402 GC heap before
{Heap before GC invocations=6 (full 0):
 PSYoungGen      total 138240K, used 138232K [0x00000000d5f00000, 0x00000000e7f00000, 0x0000000100000000)
  eden space 133120K, 100% used [0x00000000d5f00000,0x00000000de100000,0x00000000de100000)
  from space 5120K, 99% used [0x00000000de100000,0x00000000de5fe2e8,0x00000000de600000)
  to   space 14336K, 0% used [0x00000000e7100000,0x00000000e7100000,0x00000000e7f00000)
 ParOldGen       total 87552K, used 13502K [0x0000000081c00000, 0x0000000087180000, 0x00000000d5f00000)
  object space 87552K, 15% used [0x0000000081c00000,0x000000008292f918,0x0000000087180000)
 Metaspace       used 17781K, capacity 18142K, committed 18432K, reserved 1064960K
  class space    used 2098K, capacity 2197K, committed 2304K, reserved 1048576K
Event: 22.782 GC heap after
Heap after GC invocations=6 (full 0):
 PSYoungGen      total 280576K, used 5112K [0x00000000d5f00000, 0x00000000e7f00000, 0x0000000100000000)
  eden space 266240K, 0% used [0x00000000d5f00000,0x00000000d5f00000,0x00000000e6300000)
  from space 14336K, 35% used [0x00000000e7100000,0x00000000e75fe2e8,0x00000000e7f00000)
  to   space 14336K, 0% used [0x00000000e6300000,0x00000000e6300000,0x00000000e7100000)
 ParOldGen       total 87552K, used 13502K [0x0000000081c00000, 0x0000000087180000, 0x00000000d5f00000)
  object space 87552K, 15% used [0x0000000081c00000,0x000000008292f918,0x0000000087180000)
 Metaspace       used 17781K, capacity 18142K, committed 18432K, reserved 1064960K
  class space    used 2098K, capacity 2197K, committed 2304K, reserved 1048576K
}
Event: 34.607 GC heap before
{Heap before GC invocations=7 (full 0):
 PSYoungGen      total 280576K, used 271352K [0x00000000d5f00000, 0x00000000e7f00000, 0x0000000100000000)
  eden space 266240K, 100% used [0x00000000d5f00000,0x00000000e6300000,0x00000000e6300000)
  from space 14336K, 35% used [0x00000000e7100000,0x00000000e75fe2e8,0x00000000e7f00000)
  to   space 14336K, 0% used [0x00000000e6300000,0x00000000e6300000,0x00000000e7100000)
 ParOldGen       total 87552K, used 13502K [0x0000000081c00000, 0x0000000087180000, 0x00000000d5f00000)
  object space 87552K, 15% used [0x0000000081c00000,0x000000008292f918,0x0000000087180000)
 Metaspace       used 20735K, capacity 21166K, committed 21248K, reserved 1069056K
  class space    used 2430K, capacity 2556K, committed 2560K, reserved 1048576K
Event: 34.868 GC heap after
Heap after GC invocations=7 (full 0):
 PSYoungGen      total 280576K, used 6851K [0x00000000d5f00000, 0x00000000f8100000, 0x0000000100000000)
  eden space 266240K, 0% used [0x00000000d5f00000,0x00000000d5f00000,0x00000000e6300000)
  from space 14336K, 47% used [0x00000000e6300000,0x00000000e69b0dc8,0x00000000e7100000)
  to   space 13312K, 0% used [0x00000000f7400000,0x00000000f7400000,0x00000000f8100000)
 ParOldGen       total 87552K, used 14781K [0x0000000081c00000, 0x0000000087180000, 0x00000000d5f00000)
  object space 87552K, 16% used [0x0000000081c00000,0x0000000082a6f568,0x0000000087180000)
 Metaspace       used 20735K, capacity 21166K, committed 21248K, reserved 1069056K
  class space    used 2430K, capacity 2556K, committed 2560K, reserved 1048576K
}
Event: 37.593 GC heap before
{Heap before GC invocations=8 (full 0):
 PSYoungGen      total 280576K, used 49248K [0x00000000d5f00000, 0x00000000f8100000, 0x0000000100000000)
  eden space 266240K, 15% used [0x00000000d5f00000,0x00000000d88672b0,0x00000000e6300000)
  from space 14336K, 47% used [0x00000000e6300000,0x00000000e69b0dc8,0x00000000e7100000)
  to   space 13312K, 0% used [0x00000000f7400000,0x00000000f7400000,0x00000000f8100000)
 ParOldGen       total 87552K, used 14781K [0x0000000081c00000, 0x0000000087180000, 0x00000000d5f00000)
  object space 87552K, 16% used [0x0000000081c00000,0x0000000082a6f568,0x0000000087180000)
 Metaspace       used 20768K, capacity 21166K, committed 21248K, reserved 1069056K
  class space    used 2430K, capacity 2556K, committed 2560K, reserved 1048576K
Event: 37.828 GC heap after
Heap after GC invocations=8 (full 0):
 PSYoungGen      total 545792K, used 2945K [0x00000000d5f00000, 0x00000000f8100000, 0x0000000100000000)
  eden space 532480K, 0% used [0x00000000d5f00000,0x00000000d5f00000,0x00000000f6700000)
  from space 13312K, 22% used [0x00000000f7400000,0x00000000f76e07c8,0x00000000f8100000)
  to   space 13312K, 0% used [0x00000000f6700000,0x00000000f6700000,0x00000000f7400000)
 ParOldGen       total 87552K, used 18613K [0x0000000081c00000, 0x0000000087180000, 0x00000000d5f00000)
  object space 87552K, 21% used [0x0000000081c00000,0x0000000082e2d6b0,0x0000000087180000)
 Metaspace       used 20768K, capacity 21166K, committed 21248K, reserved 1069056K
  class space    used 2430K, capacity 2556K, committed 2560K, reserved 1048576K
}
Event: 37.828 GC heap before
{Heap before GC invocations=9 (full 1):
 PSYoungGen      total 545792K, used 2945K [0x00000000d5f00000, 0x00000000f8100000, 0x0000000100000000)
  eden space 532480K, 0% used [0x00000000d5f00000,0x00000000d5f00000,0x00000000f6700000)
  from space 13312K, 22% used [0x00000000f7400000,0x00000000f76e07c8,0x00000000f8100000)
  to   space 13312K, 0% used [0x00000000f6700000,0x00000000f6700000,0x00000000f7400000)
 ParOldGen       total 87552K, used 18613K [0x0000000081c00000, 0x0000000087180000, 0x00000000d5f00000)
  object space 87552K, 21% used [0x0000000081c00000,0x0000000082e2d6b0,0x0000000087180000)
 Metaspace       used 20768K, capacity 21166K, committed 21248K, reserved 1069056K
  class space    used 2430K, capacity 2556K, committed 2560K, reserved 1048576K
Event: 38.458 GC heap after
Heap after GC invocations=9 (full 1):
 PSYoungGen      total 545792K, used 0K [0x00000000d5f00000, 0x00000000f8100000, 0x0000000100000000)
  eden space 532480K, 0% used [0x00000000d5f00000,0x00000000d5f00000,0x00000000f6700000)
  from space 13312K, 0% used [0x00000000f7400000,0x00000000f7400000,0x00000000f8100000)
  to   space 13312K, 0% used [0x00000000f6700000,0x00000000f6700000,0x00000000f7400000)
 ParOldGen       total 66560K, used 19794K [0x0000000081c00000, 0x0000000085d00000, 0x00000000d5f00000)
  object space 66560K, 29% used [0x0000000081c00000,0x0000000082f54af8,0x0000000085d00000)
 Metaspace       used 20768K, capacity 21166K, committed 21248K, reserved 1069056K
  class space    used 2430K, capacity 2556K, committed 2560K, reserved 1048576K
}

