# JRE version: Java(TM) SE Runtime Environment (8.0_131-b11) (build 1.8.0_131-b11)
# Java VM: Java HotSpot(TM) 64-Bit Server VM (25.131-b11 mixed mode linux-amd64 compressed oops)
Heap:
 PSYoungGen      total 555520K, used 366541K [0x00000000d5f00000, 0x0000000100000000, 0x0000000100000000)
  eden space 468992K, 59% used [0x00000000d5f00000,0x00000000e70f2308,0x00000000f2900000)
  from space 86528K, 99% used [0x00000000f2900000,0x00000000f7d013e0,0x00000000f7d80000)
  to   space 118272K, 0% used [0x00000000f8c80000,0x00000000f8c80000,0x0000000100000000)
 ParOldGen       total 163840K, used 126462K [0x0000000081c00000, 0x000000008bc00000, 0x00000000d5f00000)
  object space 163840K, 77% used [0x0000000081c00000,0x000000008977fa38,0x000000008bc00000)
 Metaspace       used 31776K, capacity 35927K, committed 35968K, reserved 1081344K
  class space    used 4010K, capacity 4978K, committed 4992K, reserved 1048576K
GC Heap History (10 events):
Event: 226.809 GC heap before
{Heap before GC invocations=31 (full 2):
 PSYoungGen      total 576512K, used 568016K [0x00000000d5f00000, 0x0000000100000000, 0x0000000100000000)
  eden space 517120K, 100% used [0x00000000d5f00000,0x00000000f5800000,0x00000000f5800000)
  from space 59392K, 85% used [0x00000000fc600000,0x00000000ff7b43f0,0x0000000100000000)
  to   space 86016K, 0% used [0x00000000f5800000,0x00000000f5800000,0x00000000fac00000)
 ParOldGen       total 163840K, used 126446K [0x0000000081c00000, 0x000000008bc00000, 0x00000000d5f00000)
  object space 163840K, 77% used [0x0000000081c00000,0x000000008977ba38,0x000000008bc00000)
 Metaspace       used 30516K, capacity 34196K, committed 34432K, reserved 1079296K
  class space    used 3808K, capacity 4663K, committed 4736K, reserved 1048576K
Event: 226.827 GC heap after
Heap after GC invocations=31 (full 2):
 PSYoungGen      total 576512K, used 59119K [0x00000000d5f00000, 0x0000000100000000, 0x0000000100000000)
  eden space 517120K, 0% used [0x00000000d5f00000,0x00000000d5f00000,0x00000000f5800000)
  from space 59392K, 99% used [0x00000000f5800000,0x00000000f91bbc60,0x00000000f9200000)
  to   space 90112K, 0% used [0x00000000fa800000,0x00000000fa800000,0x0000000100000000)
 ParOldGen       total 163840K, used 126446K [0x0000000081c00000, 0x000000008bc00000, 0x00000000d5f00000)
  object space 163840K, 77% used [0x0000000081c00000,0x000000008977ba38,0x000000008bc00000)
 Metaspace       used 30516K, capacity 34196K, committed 34432K, reserved 1079296K
  class space    used 3808K, capacity 4663K, committed 4736K, reserved 1048576K
}
Event: 237.023 GC heap before
{Heap before GC invocations=32 (full 2):
 PSYoungGen      total 576512K, used 576239K [0x00000000d5f00000, 0x0000000100000000, 0x0000000100000000)
  eden space 517120K, 100% used [0x00000000d5f00000,0x00000000f5800000,0x00000000f5800000)
  from space 59392K, 99% used [0x00000000f5800000,0x00000000f91bbc60,0x00000000f9200000)
  to   space 90112K, 0% used [0x00000000fa800000,0x00000000fa800000,0x0000000100000000)
 ParOldGen       total 163840K, used 126446K [0x0000000081c00000, 0x000000008bc00000, 0x00000000d5f00000)
  object space 163840K, 77% used [0x0000000081c00000,0x000000008977ba38,0x000000008bc00000)
 Metaspace       used 30712K, capacity 34450K, committed 34688K, reserved 1079296K
  class space    used 3841K, capacity 4699K, committed 4736K, reserved 1048576K
Event: 237.333 GC heap after
Heap after GC invocations=32 (full 2):
 PSYoungGen      total 586752K, used 68365K [0x00000000d5f00000, 0x0000000100000000, 0x0000000100000000)
  eden space 496640K, 0% used [0x00000000d5f00000,0x00000000d5f00000,0x00000000f4400000)
  from space 90112K, 75% used [0x00000000fa800000,0x00000000feac34a0,0x0000000100000000)
  to   space 96256K, 0% used [0x00000000f4400000,0x00000000f4400000,0x00000000fa200000)
 ParOldGen       total 163840K, used 126454K [0x0000000081c00000, 0x000000008bc00000, 0x00000000d5f00000)
  object space 163840K, 77% used [0x0000000081c00000,0x000000008977da38,0x000000008bc00000)
 Metaspace       used 30712K, capacity 34450K, committed 34688K, reserved 1079296K
  class space    used 3841K, capacity 4699K, committed 4736K, reserved 1048576K
}
Event: 257.978 GC heap before
{Heap before GC invocations=33 (full 2):
 PSYoungGen      total 586752K, used 565005K [0x00000000d5f00000, 0x0000000100000000, 0x0000000100000000)
  eden space 496640K, 100% used [0x00000000d5f00000,0x00000000f4400000,0x00000000f4400000)
  from space 90112K, 75% used [0x00000000fa800000,0x00000000feac34a0,0x0000000100000000)
  to   space 96256K, 0% used [0x00000000f4400000,0x00000000f4400000,0x00000000fa200000)
 ParOldGen       total 163840K, used 126454K [0x0000000081c00000, 0x000000008bc00000, 0x00000000d5f00000)
  object space 163840K, 77% used [0x0000000081c00000,0x000000008977da38,0x000000008bc00000)
 Metaspace       used 30932K, capacity 34792K, committed 35072K, reserved 1079296K
  class space    used 3879K, capacity 4772K, committed 4864K, reserved 1048576K
Event: 259.550 GC heap after
Heap after GC invocations=33 (full 2):
 PSYoungGen      total 568320K, used 71366K [0x00000000d5f00000, 0x0000000100000000, 0x0000000100000000)
  eden space 496640K, 0% used [0x00000000d5f00000,0x00000000d5f00000,0x00000000f4400000)
  from space 71680K, 99% used [0x00000000f4400000,0x00000000f89b1b18,0x00000000f8a00000)
  to   space 102400K, 0% used [0x00000000f9c00000,0x00000000f9c00000,0x0000000100000000)
 ParOldGen       total 163840K, used 126462K [0x0000000081c00000, 0x000000008bc00000, 0x00000000d5f00000)
  object space 163840K, 77% used [0x0000000081c00000,0x000000008977fa38,0x000000008bc00000)
 Metaspace       used 30932K, capacity 34792K, committed 35072K, reserved 1079296K
  class space    used 3879K, capacity 4772K, committed 4864K, reserved 1048576K
}
Event: 279.539 GC heap before
{Heap before GC invocations=34 (full 2):
 PSYoungGen      total 568320K, used 568006K [0x00000000d5f00000, 0x0000000100000000, 0x0000000100000000)
  eden space 496640K, 100% used [0x00000000d5f00000,0x00000000f4400000,0x00000000f4400000)
  from space 71680K, 99% used [0x00000000f4400000,0x00000000f89b1b18,0x00000000f8a00000)
  to   space 102400K, 0% used [0x00000000f9c00000,0x00000000f9c00000,0x0000000100000000)
 ParOldGen       total 163840K, used 126462K [0x0000000081c00000, 0x000000008bc00000, 0x00000000d5f00000)
  object space 163840K, 77% used [0x0000000081c00000,0x000000008977fa38,0x000000008bc00000)
 Metaspace       used 31452K, capacity 35443K, committed 35712K, reserved 1079296K
  class space    used 3949K, capacity 4877K, committed 4992K, reserved 1048576K
Event: 280.887 GC heap after
Heap after GC invocations=34 (full 2):
 PSYoungGen      total 571392K, used 79570K [0x00000000d5f00000, 0x0000000100000000, 0x0000000100000000)
  eden space 468992K, 0% used [0x00000000d5f00000,0x00000000d5f00000,0x00000000f2900000)
  from space 102400K, 77% used [0x00000000f9c00000,0x00000000fe9b4820,0x0000000100000000)
  to   space 110080K, 0% used [0x00000000f2900000,0x00000000f2900000,0x00000000f9480000)
 ParOldGen       total 163840K, used 126462K [0x0000000081c00000, 0x000000008bc00000, 0x00000000d5f00000)
  object space 163840K, 77% used [0x0000000081c00000,0x000000008977fa38,0x000000008bc00000)
 Metaspace       used 31452K, capacity 35443K, committed 35712K, reserved 1079296K
  class space    used 3949K, capacity 4877K, committed 4992K, reserved 1048576K
}
Event: 289.791 GC heap before
{Heap before GC invocations=35 (full 2):
 PSYoungGen      total 571392K, used 548562K [0x00000000d5f00000, 0x0000000100000000, 0x0000000100000000)
  eden space 468992K, 100% used [0x00000000d5f00000,0x00000000f2900000,0x00000000f2900000)
  from space 102400K, 77% used [0x00000000f9c00000,0x00000000fe9b4820,0x0000000100000000)
  to   space 110080K, 0% used [0x00000000f2900000,0x00000000f2900000,0x00000000f9480000)
 ParOldGen       total 163840K, used 126462K [0x0000000081c00000, 0x000000008bc00000, 0x00000000d5f00000)
  object space 163840K, 77% used [0x0000000081c00000,0x000000008977fa38,0x000000008bc00000)
 Metaspace       used 31628K, capacity 35633K, committed 35712K, reserved 1079296K
  class space    used 3981K, capacity 4913K, committed 4992K, reserved 1048576K
Event: 289.813 GC heap after
Heap after GC invocations=35 (full 2):
 PSYoungGen      total 555520K, used 86020K [0x00000000d5f00000, 0x0000000100000000, 0x0000000100000000)
  eden space 468992K, 0% used [0x00000000d5f00000,0x00000000d5f00000,0x00000000f2900000)
  from space 86528K, 99% used [0x00000000f2900000,0x00000000f7d013e0,0x00000000f7d80000)
  to   space 118272K, 0% used [0x00000000f8c80000,0x00000000f8c80000,0x0000000100000000)
 ParOldGen       total 163840K, used 126462K [0x0000000081c00000, 0x000000008bc00000, 0x00000000d5f00000)
  object space 163840K, 77% used [0x0000000081c00000,0x000000008977fa38,0x000000008bc00000)
 Metaspace       used 31628K, capacity 35633K, committed 35712K, reserved 1079296K
  class space    used 3981K, capacity 4913K, committed 4992K, reserved 1048576K
}

