# JRE version: Java(TM) SE Runtime Environment (8.0_131-b11) (build 1.8.0_131-b11)
# Java VM: Java HotSpot(TM) 64-Bit Server VM (25.131-b11 mixed mode linux-amd64 compressed oops)
Heap:
 PSYoungGen      total 53248K, used 22972K [0x00000000d5f00000, 0x00000000db880000, 0x0000000100000000)
  eden space 51712K, 44% used [0x00000000d5f00000,0x00000000d75470e8,0x00000000d9180000)
  from space 1536K, 10% used [0x00000000db580000,0x00000000db5a8000,0x00000000db700000)
  to   space 1536K, 0% used [0x00000000db700000,0x00000000db700000,0x00000000db880000)
 ParOldGen       total 60416K, used 50888K [0x0000000081c00000, 0x0000000085700000, 0x00000000d5f00000)
  object space 60416K, 84% used [0x0000000081c00000,0x0000000084db2058,0x0000000085700000)
 Metaspace       used 21795K, capacity 22386K, committed 22656K, reserved 1069056K
  class space    used 2465K, capacity 2628K, committed 2688K, reserved 1048576K
GC Heap History (10 events):
Event: 245.386 GC heap before
{Heap before GC invocations=1028 (full 1):
 PSYoungGen      total 59904K, used 59552K [0x00000000d5f00000, 0x00000000dbb80000, 0x0000000100000000)
  eden space 59392K, 100% used [0x00000000d5f00000,0x00000000d9900000,0x00000000d9900000)
  from space 512K, 31% used [0x00000000dbb00000,0x00000000dbb28000,0x00000000dbb80000)
  to   space 2048K, 0% used [0x00000000db780000,0x00000000db780000,0x00000000db980000)
 ParOldGen       total 60416K, used 50632K [0x0000000081c00000, 0x0000000085700000, 0x00000000d5f00000)
  object space 60416K, 83% used [0x0000000081c00000,0x0000000084d72058,0x0000000085700000)
 Metaspace       used 21795K, capacity 22386K, committed 22656K, reserved 1069056K
  class space    used 2465K, capacity 2628K, committed 2688K, reserved 1048576K
Event: 245.387 GC heap after
Heap after GC invocations=1028 (full 1):
 PSYoungGen      total 59904K, used 160K [0x00000000d5f00000, 0x00000000dbb80000, 0x0000000100000000)
  eden space 57856K, 0% used [0x00000000d5f00000,0x00000000d5f00000,0x00000000d9780000)
  from space 2048K, 7% used [0x00000000db780000,0x00000000db7a8000,0x00000000db980000)
  to   space 2048K, 0% used [0x00000000db980000,0x00000000db980000,0x00000000dbb80000)
 ParOldGen       total 60416K, used 50688K [0x0000000081c00000, 0x0000000085700000, 0x00000000d5f00000)
  object space 60416K, 83% used [0x0000000081c00000,0x0000000084d80058,0x0000000085700000)
 Metaspace       used 21795K, capacity 22386K, committed 22656K, reserved 1069056K
  class space    used 2465K, capacity 2628K, committed 2688K, reserved 1048576K
}
Event: 245.776 GC heap before
{Heap before GC invocations=1029 (full 1):
 PSYoungGen      total 59904K, used 58016K [0x00000000d5f00000, 0x00000000dbb80000, 0x0000000100000000)
  eden space 57856K, 100% used [0x00000000d5f00000,0x00000000d9780000,0x00000000d9780000)
  from space 2048K, 7% used [0x00000000db780000,0x00000000db7a8000,0x00000000db980000)
  to   space 2048K, 0% used [0x00000000db980000,0x00000000db980000,0x00000000dbb80000)
 ParOldGen       total 60416K, used 50688K [0x0000000081c00000, 0x0000000085700000, 0x00000000d5f00000)
  object space 60416K, 83% used [0x0000000081c00000,0x0000000084d80058,0x0000000085700000)
 Metaspace       used 21795K, capacity 22386K, committed 22656K, reserved 1069056K
  class space    used 2465K, capacity 2628K, committed 2688K, reserved 1048576K
Event: 245.777 GC heap after
Heap after GC invocations=1029 (full 1):
 PSYoungGen      total 56832K, used 160K [0x00000000d5f00000, 0x00000000dba00000, 0x0000000100000000)
  eden space 56320K, 0% used [0x00000000d5f00000,0x00000000d5f00000,0x00000000d9600000)
  from space 512K, 31% used [0x00000000db980000,0x00000000db9a8000,0x00000000dba00000)
  to   space 2048K, 0% used [0x00000000db600000,0x00000000db600000,0x00000000db800000)
 ParOldGen       total 60416K, used 50736K [0x0000000081c00000, 0x0000000085700000, 0x00000000d5f00000)
  object space 60416K, 83% used [0x0000000081c00000,0x0000000084d8c058,0x0000000085700000)
 Metaspace       used 21795K, capacity 22386K, committed 22656K, reserved 1069056K
  class space    used 2465K, capacity 2628K, committed 2688K, reserved 1048576K
}
Event: 246.050 GC heap before
{Heap before GC invocations=1030 (full 1):
 PSYoungGen      total 56832K, used 56480K [0x00000000d5f00000, 0x00000000dba00000, 0x0000000100000000)
  eden space 56320K, 100% used [0x00000000d5f00000,0x00000000d9600000,0x00000000d9600000)
  from space 512K, 31% used [0x00000000db980000,0x00000000db9a8000,0x00000000dba00000)
  to   space 2048K, 0% used [0x00000000db600000,0x00000000db600000,0x00000000db800000)
 ParOldGen       total 60416K, used 50736K [0x0000000081c00000, 0x0000000085700000, 0x00000000d5f00000)
  object space 60416K, 83% used [0x0000000081c00000,0x0000000084d8c058,0x0000000085700000)
 Metaspace       used 21795K, capacity 22386K, committed 22656K, reserved 1069056K
  class space    used 2465K, capacity 2628K, committed 2688K, reserved 1048576K
Event: 246.051 GC heap after
Heap after GC invocations=1030 (full 1):
 PSYoungGen      total 56832K, used 160K [0x00000000d5f00000, 0x00000000dba00000, 0x0000000100000000)
  eden space 54784K, 0% used [0x00000000d5f00000,0x00000000d5f00000,0x00000000d9480000)
  from space 2048K, 7% used [0x00000000db600000,0x00000000db628000,0x00000000db800000)
  to   space 2048K, 0% used [0x00000000db800000,0x00000000db800000,0x00000000dba00000)
 ParOldGen       total 60416K, used 50784K [0x0000000081c00000, 0x0000000085700000, 0x00000000d5f00000)
  object space 60416K, 84% used [0x0000000081c00000,0x0000000084d98058,0x0000000085700000)
 Metaspace       used 21795K, capacity 22386K, committed 22656K, reserved 1069056K
  class space    used 2465K, capacity 2628K, committed 2688K, reserved 1048576K
}
Event: 246.366 GC heap before
{Heap before GC invocations=1031 (full 1):
 PSYoungGen      total 56832K, used 54944K [0x00000000d5f00000, 0x00000000dba00000, 0x0000000100000000)
  eden space 54784K, 100% used [0x00000000d5f00000,0x00000000d9480000,0x00000000d9480000)
  from space 2048K, 7% used [0x00000000db600000,0x00000000db628000,0x00000000db800000)
  to   space 2048K, 0% used [0x00000000db800000,0x00000000db800000,0x00000000dba00000)
 ParOldGen       total 60416K, used 50784K [0x0000000081c00000, 0x0000000085700000, 0x00000000d5f00000)
  object space 60416K, 84% used [0x0000000081c00000,0x0000000084d98058,0x0000000085700000)
 Metaspace       used 21795K, capacity 22386K, committed 22656K, reserved 1069056K
  class space    used 2465K, capacity 2628K, committed 2688K, reserved 1048576K
Event: 246.368 GC heap after
Heap after GC invocations=1031 (full 1):
 PSYoungGen      total 53760K, used 160K [0x00000000d5f00000, 0x00000000db880000, 0x0000000100000000)
  eden space 53248K, 0% used [0x00000000d5f00000,0x00000000d5f00000,0x00000000d9300000)
  from space 512K, 31% used [0x00000000db800000,0x00000000db828000,0x00000000db880000)
  to   space 1536K, 0% used [0x00000000db580000,0x00000000db580000,0x00000000db700000)
 ParOldGen       total 60416K, used 50832K [0x0000000081c00000, 0x0000000085700000, 0x00000000d5f00000)
  object space 60416K, 84% used [0x0000000081c00000,0x0000000084da4058,0x0000000085700000)
 Metaspace       used 21795K, capacity 22386K, committed 22656K, reserved 1069056K
  class space    used 2465K, capacity 2628K, committed 2688K, reserved 1048576K
}
Event: 246.685 GC heap before
{Heap before GC invocations=1032 (full 1):
 PSYoungGen      total 53760K, used 53408K [0x00000000d5f00000, 0x00000000db880000, 0x0000000100000000)
  eden space 53248K, 100% used [0x00000000d5f00000,0x00000000d9300000,0x00000000d9300000)
  from space 512K, 31% used [0x00000000db800000,0x00000000db828000,0x00000000db880000)
  to   space 1536K, 0% used [0x00000000db580000,0x00000000db580000,0x00000000db700000)
 ParOldGen       total 60416K, used 50832K [0x0000000081c00000, 0x0000000085700000, 0x00000000d5f00000)
  object space 60416K, 84% used [0x0000000081c00000,0x0000000084da4058,0x0000000085700000)
 Metaspace       used 21795K, capacity 22386K, committed 22656K, reserved 1069056K
  class space    used 2465K, capacity 2628K, committed 2688K, reserved 1048576K
Event: 246.686 GC heap after
Heap after GC invocations=1032 (full 1):
 PSYoungGen      total 53248K, used 160K [0x00000000d5f00000, 0x00000000db880000, 0x0000000100000000)
  eden space 51712K, 0% used [0x00000000d5f00000,0x00000000d5f00000,0x00000000d9180000)
  from space 1536K, 10% used [0x00000000db580000,0x00000000db5a8000,0x00000000db700000)
  to   space 1536K, 0% used [0x00000000db700000,0x00000000db700000,0x00000000db880000)
 ParOldGen       total 60416K, used 50888K [0x0000000081c00000, 0x0000000085700000, 0x00000000d5f00000)
  object space 60416K, 84% used [0x0000000081c00000,0x0000000084db2058,0x0000000085700000)
 Metaspace       used 21795K, capacity 22386K, committed 22656K, reserved 1069056K
  class space    used 2465K, capacity 2628K, committed 2688K, reserved 1048576K
}

