# JRE version: Java(TM) SE Runtime Environment (8.0_131-b11) (build 1.8.0_131-b11)
# Java VM: Java HotSpot(TM) 64-Bit Server VM (25.131-b11 mixed mode linux-amd64 compressed oops)
Heap:
 PSYoungGen      total 676352K, used 279226K [0x00000000d5f00000, 0x00000000ffe00000, 0x0000000100000000)
  eden space 665600K, 41% used [0x00000000d5f00000,0x00000000e6fa6888,0x00000000fe900000)
  from space 10752K, 0% used [0x00000000ff380000,0x00000000ff388000,0x00000000ffe00000)
  to   space 10752K, 0% used [0x00000000fe900000,0x00000000fe900000,0x00000000ff380000)
 ParOldGen       total 61952K, used 19931K [0x0000000081c00000, 0x0000000085880000, 0x00000000d5f00000)
  object space 61952K, 32% used [0x0000000081c00000,0x0000000082f76eb8,0x0000000085880000)
 Metaspace       used 21106K, capacity 21633K, committed 21936K, reserved 1069056K
  class space    used 2445K, capacity 2570K, committed 2688K, reserved 1048576K
GC Heap History (10 events):
Event: 382.489 GC heap before
{Heap before GC invocations=17 (full 1):
 PSYoungGen      total 505856K, used 492064K [0x00000000d5f00000, 0x0000000100000000, 0x0000000100000000)
  eden space 492032K, 100% used [0x00000000d5f00000,0x00000000f3f80000,0x00000000f3f80000)
  from space 13824K, 0% used [0x00000000f3f80000,0x00000000f3f88000,0x00000000f4d00000)
  to   space 13312K, 0% used [0x00000000ff300000,0x00000000ff300000,0x0000000100000000)
 ParOldGen       total 61952K, used 19787K [0x0000000081c00000, 0x0000000085880000, 0x00000000d5f00000)
  object space 61952K, 31% used [0x0000000081c00000,0x0000000082f52eb8,0x0000000085880000)
 Metaspace       used 21066K, capacity 21627K, committed 21936K, reserved 1069056K
  class space    used 2441K, capacity 2569K, committed 2688K, reserved 1048576K
Event: 382.638 GC heap after
Heap after GC invocations=17 (full 1):
 PSYoungGen      total 673792K, used 32K [0x00000000d5f00000, 0x00000000ffe80000, 0x0000000100000000)
  eden space 662016K, 0% used [0x00000000d5f00000,0x00000000d5f00000,0x00000000fe580000)
  from space 11776K, 0% used [0x00000000ff300000,0x00000000ff308000,0x00000000ffe80000)
  to   space 12800K, 0% used [0x00000000fe580000,0x00000000fe580000,0x00000000ff200000)
 ParOldGen       total 61952K, used 19819K [0x0000000081c00000, 0x0000000085880000, 0x00000000d5f00000)
  object space 61952K, 31% used [0x0000000081c00000,0x0000000082f5aeb8,0x0000000085880000)
 Metaspace       used 21066K, capacity 21627K, committed 21936K, reserved 1069056K
  class space    used 2441K, capacity 2569K, committed 2688K, reserved 1048576K
}
Event: 388.828 GC heap before
{Heap before GC invocations=18 (full 1):
 PSYoungGen      total 673792K, used 662048K [0x00000000d5f00000, 0x00000000ffe80000, 0x0000000100000000)
  eden space 662016K, 100% used [0x00000000d5f00000,0x00000000fe580000,0x00000000fe580000)
  from space 11776K, 0% used [0x00000000ff300000,0x00000000ff308000,0x00000000ffe80000)
  to   space 12800K, 0% used [0x00000000fe580000,0x00000000fe580000,0x00000000ff200000)
 ParOldGen       total 61952K, used 19819K [0x0000000081c00000, 0x0000000085880000, 0x00000000d5f00000)
  object space 61952K, 31% used [0x0000000081c00000,0x0000000082f5aeb8,0x0000000085880000)
 Metaspace       used 21066K, capacity 21627K, committed 21936K, reserved 1069056K
  class space    used 2441K, capacity 2569K, committed 2688K, reserved 1048576K
Event: 388.896 GC heap after
Heap after GC invocations=18 (full 1):
 PSYoungGen      total 674816K, used 32K [0x00000000d5f00000, 0x0000000100000000, 0x0000000100000000)
  eden space 662016K, 0% used [0x00000000d5f00000,0x00000000d5f00000,0x00000000fe580000)
  from space 12800K, 0% used [0x00000000fe580000,0x00000000fe588000,0x00000000ff200000)
  to   space 12288K, 0% used [0x00000000ff400000,0x00000000ff400000,0x0000000100000000)
 ParOldGen       total 61952K, used 19851K [0x0000000081c00000, 0x0000000085880000, 0x00000000d5f00000)
  object space 61952K, 32% used [0x0000000081c00000,0x0000000082f62eb8,0x0000000085880000)
 Metaspace       used 21066K, capacity 21627K, committed 21936K, reserved 1069056K
  class space    used 2441K, capacity 2569K, committed 2688K, reserved 1048576K
}
Event: 394.104 GC heap before
{Heap before GC invocations=19 (full 1):
 PSYoungGen      total 674816K, used 662048K [0x00000000d5f00000, 0x0000000100000000, 0x0000000100000000)
  eden space 662016K, 100% used [0x00000000d5f00000,0x00000000fe580000,0x00000000fe580000)
  from space 12800K, 0% used [0x00000000fe580000,0x00000000fe588000,0x00000000ff200000)
  to   space 12288K, 0% used [0x00000000ff400000,0x00000000ff400000,0x0000000100000000)
 ParOldGen       total 61952K, used 19851K [0x0000000081c00000, 0x0000000085880000, 0x00000000d5f00000)
  object space 61952K, 32% used [0x0000000081c00000,0x0000000082f62eb8,0x0000000085880000)
 Metaspace       used 21066K, capacity 21627K, committed 21936K, reserved 1069056K
  class space    used 2441K, capacity 2569K, committed 2688K, reserved 1048576K
Event: 394.165 GC heap after
Heap after GC invocations=19 (full 1):
 PSYoungGen      total 675840K, used 32K [0x00000000d5f00000, 0x00000000fff80000, 0x0000000100000000)
  eden space 664064K, 0% used [0x00000000d5f00000,0x00000000d5f00000,0x00000000fe780000)
  from space 11776K, 0% used [0x00000000ff400000,0x00000000ff408000,0x00000000fff80000)
  to   space 12288K, 0% used [0x00000000fe780000,0x00000000fe780000,0x00000000ff380000)
 ParOldGen       total 61952K, used 19875K [0x0000000081c00000, 0x0000000085880000, 0x00000000d5f00000)
  object space 61952K, 32% used [0x0000000081c00000,0x0000000082f68eb8,0x0000000085880000)
 Metaspace       used 21066K, capacity 21627K, committed 21936K, reserved 1069056K
  class space    used 2441K, capacity 2569K, committed 2688K, reserved 1048576K
}
Event: 398.958 GC heap before
{Heap before GC invocations=20 (full 1):
 PSYoungGen      total 675840K, used 664096K [0x00000000d5f00000, 0x00000000fff80000, 0x0000000100000000)
  eden space 664064K, 100% used [0x00000000d5f00000,0x00000000fe780000,0x00000000fe780000)
  from space 11776K, 0% used [0x00000000ff400000,0x00000000ff408000,0x00000000fff80000)
  to   space 12288K, 0% used [0x00000000fe780000,0x00000000fe780000,0x00000000ff380000)
 ParOldGen       total 61952K, used 19875K [0x0000000081c00000, 0x0000000085880000, 0x00000000d5f00000)
  object space 61952K, 32% used [0x0000000081c00000,0x0000000082f68eb8,0x0000000085880000)
 Metaspace       used 21066K, capacity 21627K, committed 21936K, reserved 1069056K
  class space    used 2441K, capacity 2569K, committed 2688K, reserved 1048576K
Event: 398.960 GC heap after
Heap after GC invocations=20 (full 1):
 PSYoungGen      total 676352K, used 32K [0x00000000d5f00000, 0x00000000ffe80000, 0x0000000100000000)
  eden space 664064K, 0% used [0x00000000d5f00000,0x00000000d5f00000,0x00000000fe780000)
  from space 12288K, 0% used [0x00000000fe780000,0x00000000fe788000,0x00000000ff380000)
  to   space 11264K, 0% used [0x00000000ff380000,0x00000000ff380000,0x00000000ffe80000)
 ParOldGen       total 61952K, used 19907K [0x0000000081c00000, 0x0000000085880000, 0x00000000d5f00000)
  object space 61952K, 32% used [0x0000000081c00000,0x0000000082f70eb8,0x0000000085880000)
 Metaspace       used 21066K, capacity 21627K, committed 21936K, reserved 1069056K
  class space    used 2441K, capacity 2569K, committed 2688K, reserved 1048576K
}
Event: 403.092 GC heap before
{Heap before GC invocations=21 (full 1):
 PSYoungGen      total 676352K, used 664096K [0x00000000d5f00000, 0x00000000ffe80000, 0x0000000100000000)
  eden space 664064K, 100% used [0x00000000d5f00000,0x00000000fe780000,0x00000000fe780000)
  from space 12288K, 0% used [0x00000000fe780000,0x00000000fe788000,0x00000000ff380000)
  to   space 11264K, 0% used [0x00000000ff380000,0x00000000ff380000,0x00000000ffe80000)
 ParOldGen       total 61952K, used 19907K [0x0000000081c00000, 0x0000000085880000, 0x00000000d5f00000)
  object space 61952K, 32% used [0x0000000081c00000,0x0000000082f70eb8,0x0000000085880000)
 Metaspace       used 21066K, capacity 21627K, committed 21936K, reserved 1069056K
  class space    used 2441K, capacity 2569K, committed 2688K, reserved 1048576K
Event: 403.097 GC heap after
Heap after GC invocations=21 (full 1):
 PSYoungGen      total 676352K, used 32K [0x00000000d5f00000, 0x00000000ffe00000, 0x0000000100000000)
  eden space 665600K, 0% used [0x00000000d5f00000,0x00000000d5f00000,0x00000000fe900000)
  from space 10752K, 0% used [0x00000000ff380000,0x00000000ff388000,0x00000000ffe00000)
  to   space 10752K, 0% used [0x00000000fe900000,0x00000000fe900000,0x00000000ff380000)
 ParOldGen       total 61952K, used 19931K [0x0000000081c00000, 0x0000000085880000, 0x00000000d5f00000)
  object space 61952K, 32% used [0x0000000081c00000,0x0000000082f76eb8,0x0000000085880000)
 Metaspace       used 21066K, capacity 21627K, committed 21936K, reserved 1069056K
  class space    used 2441K, capacity 2569K, committed 2688K, reserved 1048576K
}

