# JRE version: Java(TM) SE Runtime Environment (8.0_131-b11) (build 1.8.0_131-b11)
# Java VM: Java HotSpot(TM) 64-Bit Server VM (25.131-b11 mixed mode linux-amd64 compressed oops)
Heap:
 PSYoungGen      total 673280K, used 73868K [0x00000000d5f00000, 0x00000000fff80000, 0x0000000100000000)
  eden space 658944K, 9% used [0x00000000d5f00000,0x00000000d9f53340,0x00000000fe280000)
  from space 14336K, 55% used [0x00000000ff180000,0x00000000ff950010,0x00000000fff80000)
  to   space 14848K, 0% used [0x00000000fe280000,0x00000000fe280000,0x00000000ff100000)
 ParOldGen       total 82944K, used 41279K [0x0000000081c00000, 0x0000000086d00000, 0x00000000d5f00000)
  object space 82944K, 49% used [0x0000000081c00000,0x000000008444ffc0,0x0000000086d00000)
 Metaspace       used 23222K, capacity 24149K, committed 24448K, reserved 1071104K
  class space    used 2618K, capacity 2863K, committed 2944K, reserved 1048576K
GC Heap History (10 events):
Event: 489.468 GC heap before
{Heap before GC invocations=1589 (full 3):
 PSYoungGen      total 679424K, used 675520K [0x00000000d5f00000, 0x0000000100000000, 0x0000000100000000)
  eden space 669696K, 100% used [0x00000000d5f00000,0x00000000fed00000,0x00000000fed00000)
  from space 9728K, 59% used [0x00000000fed00000,0x00000000ff2b0010,0x00000000ff680000)
  to   space 9728K, 0% used [0x00000000ff680000,0x00000000ff680000,0x0000000100000000)
 ParOldGen       total 82944K, used 34128K [0x0000000081c00000, 0x0000000086d00000, 0x00000000d5f00000)
  object space 82944K, 41% used [0x0000000081c00000,0x0000000083d542c0,0x0000000086d00000)
 Metaspace       used 23208K, capacity 24143K, committed 24448K, reserved 1071104K
  class space    used 2613K, capacity 2862K, committed 2944K, reserved 1048576K
Event: 490.895 GC heap after
Heap after GC invocations=1589 (full 3):
 PSYoungGen      total 672256K, used 9696K [0x00000000d5f00000, 0x0000000100000000, 0x0000000100000000)
  eden space 662528K, 0% used [0x00000000d5f00000,0x00000000d5f00000,0x00000000fe600000)
  from space 9728K, 99% used [0x00000000ff680000,0x00000000ffff8010,0x0000000100000000)
  to   space 13312K, 0% used [0x00000000fe600000,0x00000000fe600000,0x00000000ff300000)
 ParOldGen       total 82944K, used 37816K [0x0000000081c00000, 0x0000000086d00000, 0x00000000d5f00000)
  object space 82944K, 45% used [0x0000000081c00000,0x00000000840ee2c0,0x0000000086d00000)
 Metaspace       used 23208K, capacity 24143K, committed 24448K, reserved 1071104K
  class space    used 2613K, capacity 2862K, committed 2944K, reserved 1048576K
}
Event: 493.522 GC heap before
{Heap before GC invocations=1590 (full 3):
 PSYoungGen      total 672256K, used 672224K [0x00000000d5f00000, 0x0000000100000000, 0x0000000100000000)
  eden space 662528K, 100% used [0x00000000d5f00000,0x00000000fe600000,0x00000000fe600000)
  from space 9728K, 99% used [0x00000000ff680000,0x00000000ffff8010,0x0000000100000000)
  to   space 13312K, 0% used [0x00000000fe600000,0x00000000fe600000,0x00000000ff300000)
 ParOldGen       total 82944K, used 37816K [0x0000000081c00000, 0x0000000086d00000, 0x00000000d5f00000)
  object space 82944K, 45% used [0x0000000081c00000,0x00000000840ee2c0,0x0000000086d00000)
 Metaspace       used 23208K, capacity 24143K, committed 24448K, reserved 1071104K
  class space    used 2613K, capacity 2862K, committed 2944K, reserved 1048576K
Event: 493.781 GC heap after
Heap after GC invocations=1590 (full 3):
 PSYoungGen      total 672768K, used 9728K [0x00000000d5f00000, 0x0000000100000000, 0x0000000100000000)
  eden space 662528K, 0% used [0x00000000d5f00000,0x00000000d5f00000,0x00000000fe600000)
  from space 10240K, 95% used [0x00000000fe600000,0x00000000fef80010,0x00000000ff000000)
  to   space 14336K, 0% used [0x00000000ff200000,0x00000000ff200000,0x0000000100000000)
 ParOldGen       total 82944K, used 37871K [0x0000000081c00000, 0x0000000086d00000, 0x00000000d5f00000)
  object space 82944K, 45% used [0x0000000081c00000,0x00000000840fbfc0,0x0000000086d00000)
 Metaspace       used 23208K, capacity 24143K, committed 24448K, reserved 1071104K
  class space    used 2613K, capacity 2862K, committed 2944K, reserved 1048576K
}
Event: 496.178 GC heap before
{Heap before GC invocations=1591 (full 3):
 PSYoungGen      total 672768K, used 672256K [0x00000000d5f00000, 0x0000000100000000, 0x0000000100000000)
  eden space 662528K, 100% used [0x00000000d5f00000,0x00000000fe600000,0x00000000fe600000)
  from space 10240K, 95% used [0x00000000fe600000,0x00000000fef80010,0x00000000ff000000)
  to   space 14336K, 0% used [0x00000000ff200000,0x00000000ff200000,0x0000000100000000)
 ParOldGen       total 82944K, used 37871K [0x0000000081c00000, 0x0000000086d00000, 0x00000000d5f00000)
  object space 82944K, 45% used [0x0000000081c00000,0x00000000840fbfc0,0x0000000086d00000)
 Metaspace       used 23208K, capacity 24143K, committed 24448K, reserved 1071104K
  class space    used 2613K, capacity 2862K, committed 2944K, reserved 1048576K
Event: 496.608 GC heap after
Heap after GC invocations=1591 (full 3):
 PSYoungGen      total 672768K, used 9728K [0x00000000d5f00000, 0x0000000100000000, 0x0000000100000000)
  eden space 658432K, 0% used [0x00000000d5f00000,0x00000000d5f00000,0x00000000fe200000)
  from space 14336K, 67% used [0x00000000ff200000,0x00000000ffb80010,0x0000000100000000)
  to   space 15360K, 0% used [0x00000000fe200000,0x00000000fe200000,0x00000000ff100000)
 ParOldGen       total 82944K, used 37911K [0x0000000081c00000, 0x0000000086d00000, 0x00000000d5f00000)
  object space 82944K, 45% used [0x0000000081c00000,0x0000000084105fc0,0x0000000086d00000)
 Metaspace       used 23208K, capacity 24143K, committed 24448K, reserved 1071104K
  class space    used 2613K, capacity 2862K, committed 2944K, reserved 1048576K
}
Event: 498.957 GC heap before
{Heap before GC invocations=1592 (full 3):
 PSYoungGen      total 672768K, used 668160K [0x00000000d5f00000, 0x0000000100000000, 0x0000000100000000)
  eden space 658432K, 100% used [0x00000000d5f00000,0x00000000fe200000,0x00000000fe200000)
  from space 14336K, 67% used [0x00000000ff200000,0x00000000ffb80010,0x0000000100000000)
  to   space 15360K, 0% used [0x00000000fe200000,0x00000000fe200000,0x00000000ff100000)
 ParOldGen       total 82944K, used 37911K [0x0000000081c00000, 0x0000000086d00000, 0x00000000d5f00000)
  object space 82944K, 45% used [0x0000000081c00000,0x0000000084105fc0,0x0000000086d00000)
 Metaspace       used 23208K, capacity 24143K, committed 24448K, reserved 1071104K
  class space    used 2613K, capacity 2862K, committed 2944K, reserved 1048576K
Event: 500.204 GC heap after
Heap after GC invocations=1592 (full 3):
 PSYoungGen      total 673792K, used 6432K [0x00000000d5f00000, 0x0000000100000000, 0x0000000100000000)
  eden space 658432K, 0% used [0x00000000d5f00000,0x00000000d5f00000,0x00000000fe200000)
  from space 15360K, 41% used [0x00000000fe200000,0x00000000fe848010,0x00000000ff100000)
  to   space 14848K, 0% used [0x00000000ff180000,0x00000000ff180000,0x0000000100000000)
 ParOldGen       total 82944K, used 41231K [0x0000000081c00000, 0x0000000086d00000, 0x00000000d5f00000)
  object space 82944K, 49% used [0x0000000081c00000,0x0000000084443fc0,0x0000000086d00000)
 Metaspace       used 23208K, capacity 24143K, committed 24448K, reserved 1071104K
  class space    used 2613K, capacity 2862K, committed 2944K, reserved 1048576K
}
Event: 509.700 GC heap before
{Heap before GC invocations=1593 (full 3):
 PSYoungGen      total 673792K, used 664864K [0x00000000d5f00000, 0x0000000100000000, 0x0000000100000000)
  eden space 658432K, 100% used [0x00000000d5f00000,0x00000000fe200000,0x00000000fe200000)
  from space 15360K, 41% used [0x00000000fe200000,0x00000000fe848010,0x00000000ff100000)
  to   space 14848K, 0% used [0x00000000ff180000,0x00000000ff180000,0x0000000100000000)
 ParOldGen       total 82944K, used 41231K [0x0000000081c00000, 0x0000000086d00000, 0x00000000d5f00000)
  object space 82944K, 49% used [0x0000000081c00000,0x0000000084443fc0,0x0000000086d00000)
 Metaspace       used 23222K, capacity 24149K, committed 24448K, reserved 1071104K
  class space    used 2618K, capacity 2863K, committed 2944K, reserved 1048576K
Event: 509.708 GC heap after
Heap after GC invocations=1593 (full 3):
 PSYoungGen      total 673280K, used 8000K [0x00000000d5f00000, 0x00000000fff80000, 0x0000000100000000)
  eden space 658944K, 0% used [0x00000000d5f00000,0x00000000d5f00000,0x00000000fe280000)
  from space 14336K, 55% used [0x00000000ff180000,0x00000000ff950010,0x00000000fff80000)
  to   space 14848K, 0% used [0x00000000fe280000,0x00000000fe280000,0x00000000ff100000)
 ParOldGen       total 82944K, used 41279K [0x0000000081c00000, 0x0000000086d00000, 0x00000000d5f00000)
  object space 82944K, 49% used [0x0000000081c00000,0x000000008444ffc0,0x0000000086d00000)
 Metaspace       used 23222K, capacity 24149K, committed 24448K, reserved 1071104K
  class space    used 2618K, capacity 2863K, committed 2944K, reserved 1048576K
}

